2024-12-27 00:26:14.542 [info] Reading sessions from keychain...
2024-12-27 00:26:14.542 [info] Getting sessions for all scopes...
2024-12-27 00:26:14.542 [info] Getting sessions for all scopes...
2024-12-27 00:26:14.553 [info] Getting sessions for all scopes...
2024-12-27 00:26:14.553 [info] Getting sessions for all scopes...
2024-12-27 00:26:14.553 [info] Getting sessions for all scopes...
2024-12-27 00:26:14.553 [info] Getting sessions for all scopes...
2024-12-27 00:26:14.554 [info] Getting sessions for all scopes...
2024-12-27 00:26:14.556 [info] Got stored sessions!
2024-12-27 00:26:14.556 [info] Got 1 verified sessions.
2024-12-27 00:26:14.556 [info] Got 1 sessions for ...
2024-12-27 00:26:14.556 [info] Got 1 sessions for ...
2024-12-27 00:26:14.556 [info] Got 1 sessions for ...
2024-12-27 00:26:14.556 [info] Got 1 sessions for ...
2024-12-27 00:26:14.556 [info] Got 1 sessions for ...
2024-12-27 00:26:14.556 [info] Got 1 sessions for ...
2024-12-27 00:26:14.556 [info] Got 1 sessions for ...
2024-12-27 00:26:15.750 [info] Getting sessions for read:user,repo,user:email,workflow...
2024-12-27 00:26:15.750 [info] Got 0 sessions for read:user,repo,user:email,workflow...
2024-12-27 00:26:15.750 [info] Getting sessions for all scopes...
2024-12-27 00:26:15.750 [info] Got 1 sessions for ...
2024-12-27 00:26:15.750 [info] Getting sessions for all scopes...
2024-12-27 00:26:15.750 [info] Got 1 sessions for ...
2024-12-27 00:26:15.790 [info] Getting sessions for read:user...
2024-12-27 00:26:15.790 [info] Got 0 sessions for read:user...
2024-12-27 00:26:15.790 [info] Getting sessions for read:user,repo,user:email,workflow...
2024-12-27 00:26:15.790 [info] Got 0 sessions for read:user,repo,user:email,workflow...
2024-12-27 00:26:15.791 [info] Getting sessions for user:email...
2024-12-27 00:26:15.791 [info] Got 1 sessions for user:email...
2024-12-27 00:26:15.791 [info] Getting sessions for user:email...
2024-12-27 00:26:15.791 [info] Got 1 sessions for user:email...
2024-12-27 00:26:15.795 [info] Getting sessions for all scopes...
2024-12-27 00:26:15.795 [info] Got 1 sessions for ...
2024-12-27 00:26:15.797 [info] Getting sessions for read:user,repo,user:email,workflow...
2024-12-27 00:26:15.797 [info] Got 0 sessions for read:user,repo,user:email,workflow...
2024-12-27 00:26:16.686 [info] Getting sessions for all scopes...
2024-12-27 00:26:16.686 [info] Got 1 sessions for ...
2024-12-27 00:26:16.688 [info] Getting sessions for user:email...
2024-12-27 00:26:16.688 [info] Got 1 sessions for user:email...
2024-12-27 00:26:16.688 [info] Getting sessions for all scopes...
2024-12-27 00:26:16.688 [info] Got 1 sessions for ...
2024-12-27 00:26:16.689 [info] Getting sessions for read:user,repo,user:email,workflow...
2024-12-27 00:26:16.689 [info] Got 0 sessions for read:user,repo,user:email,workflow...
2024-12-27 00:26:16.689 [info] Getting sessions for user:email...
2024-12-27 00:26:16.689 [info] Got 1 sessions for user:email...
2024-12-27 00:26:16.892 [info] Getting sessions for all scopes...
2024-12-27 00:26:16.892 [info] Got 1 sessions for ...
2024-12-27 00:26:16.892 [info] Getting sessions for read:user,repo,user:email,workflow...
2024-12-27 00:26:16.892 [info] Got 0 sessions for read:user,repo,user:email,workflow...
2024-12-27 00:26:16.893 [info] Getting sessions for user:email...
2024-12-27 00:26:16.893 [info] Got 1 sessions for user:email...
2024-12-27 00:26:17.499 [info] Getting sessions for all scopes...
2024-12-27 00:26:17.499 [info] Got 1 sessions for ...
2024-12-27 00:26:17.499 [info] Getting sessions for all scopes...
2024-12-27 00:26:17.499 [info] Got 1 sessions for ...
2024-12-27 00:26:17.505 [info] Getting sessions for read:user,repo,user:email,workflow...
2024-12-27 00:26:17.505 [info] Got 0 sessions for read:user,repo,user:email,workflow...
2024-12-27 00:26:17.506 [info] Getting sessions for user:email...
2024-12-27 00:26:17.506 [info] Got 1 sessions for user:email...
2024-12-27 00:26:17.507 [info] Getting sessions for all scopes...
2024-12-27 00:26:17.507 [info] Got 1 sessions for ...
2024-12-27 00:26:17.508 [info] Getting sessions for read:user,repo,user:email,workflow...
2024-12-27 00:26:17.508 [info] Got 0 sessions for read:user,repo,user:email,workflow...
2024-12-27 00:26:17.508 [info] Getting sessions for user:email...
2024-12-27 00:26:17.508 [info] Got 1 sessions for user:email...
2024-12-27 00:26:17.542 [info] Getting sessions for all scopes...
2024-12-27 00:26:17.542 [info] Got 1 sessions for ...
2024-12-27 00:26:17.544 [info] Getting sessions for read:user,repo,user:email,workflow...
2024-12-27 00:26:17.544 [info] Got 0 sessions for read:user,repo,user:email,workflow...
2024-12-27 00:26:17.545 [info] Getting sessions for user:email...
2024-12-27 00:26:17.545 [info] Got 1 sessions for user:email...
2024-12-27 00:26:18.093 [info] Getting sessions for read:user,repo,user:email,workflow...
2024-12-27 00:26:18.093 [info] Got 0 sessions for read:user,repo,user:email,workflow...
2024-12-27 00:26:18.095 [info] Getting sessions for read:user...
2024-12-27 00:26:18.095 [info] Got 0 sessions for read:user...
2024-12-27 00:26:18.096 [info] Getting sessions for user:email...
2024-12-27 00:26:18.096 [info] Got 1 sessions for user:email...
2024-12-27 00:26:18.818 [info] Getting sessions for all scopes...
2024-12-27 00:26:18.818 [info] Got 1 sessions for ...
2024-12-27 00:26:18.819 [info] Getting sessions for read:user,repo,user:email,workflow...
2024-12-27 00:26:18.819 [info] Got 0 sessions for read:user,repo,user:email,workflow...
2024-12-27 00:26:18.820 [info] Getting sessions for user:email...
2024-12-27 00:26:18.820 [info] Got 1 sessions for user:email...
