2024-12-26 17:23:25.037 [info] Reading sessions from keychain...
2024-12-26 17:23:25.037 [info] Getting sessions for all scopes...
2024-12-26 17:23:25.037 [info] Getting sessions for all scopes...
2024-12-26 17:23:25.037 [info] Getting sessions for all scopes...
2024-12-26 17:23:25.037 [info] Got stored sessions!
2024-12-26 17:23:25.037 [info] Got 1 verified sessions.
2024-12-26 17:23:25.037 [info] Got 1 sessions for ...
2024-12-26 17:23:25.037 [info] Got 1 sessions for ...
2024-12-26 17:23:25.037 [info] Got 1 sessions for ...
2024-12-26 17:23:25.037 [info] Getting sessions for all scopes...
2024-12-26 17:23:25.037 [info] Got 1 sessions for ...
2024-12-26 17:23:25.037 [info] Getting sessions for all scopes...
2024-12-26 17:23:25.037 [info] Got 1 sessions for ...
2024-12-26 17:23:25.037 [info] Getting sessions for all scopes...
2024-12-26 17:23:25.037 [info] Got 1 sessions for ...
2024-12-26 17:23:25.037 [info] Getting sessions for all scopes...
2024-12-26 17:23:25.037 [info] Got 1 sessions for ...
2024-12-26 17:23:25.037 [info] Getting sessions for all scopes...
2024-12-26 17:23:25.037 [info] Got 1 sessions for ...
2024-12-26 17:23:25.037 [info] Getting sessions for all scopes...
2024-12-26 17:23:25.037 [info] Got 1 sessions for ...
2024-12-26 17:23:25.037 [info] Getting sessions for all scopes...
2024-12-26 17:23:25.037 [info] Got 1 sessions for ...
2024-12-26 17:23:25.037 [info] Getting sessions for read:user,repo,user:email,workflow...
2024-12-26 17:23:25.037 [info] Got 0 sessions for read:user,repo,user:email,workflow...
2024-12-26 17:23:25.466 [info] Getting sessions for user:email...
2024-12-26 17:23:25.466 [info] Got 1 sessions for user:email...
2024-12-26 17:23:25.540 [info] Getting sessions for read:user,repo,user:email,workflow...
2024-12-26 17:23:25.540 [info] Got 0 sessions for read:user,repo,user:email,workflow...
2024-12-26 17:23:25.558 [info] Getting sessions for all scopes...
2024-12-26 17:23:25.558 [info] Got 1 sessions for ...
2024-12-26 17:23:25.587 [info] Getting sessions for all scopes...
2024-12-26 17:23:25.587 [info] Got 1 sessions for ...
2024-12-26 17:23:25.672 [info] Getting sessions for read:user...
2024-12-26 17:23:25.672 [info] Got 0 sessions for read:user...
2024-12-26 17:23:25.672 [info] Getting sessions for read:user,repo,user:email,workflow...
2024-12-26 17:23:25.672 [info] Got 0 sessions for read:user,repo,user:email,workflow...
2024-12-26 17:23:25.696 [info] Getting sessions for read:user,repo,user:email,workflow...
2024-12-26 17:23:25.696 [info] Got 0 sessions for read:user,repo,user:email,workflow...
2024-12-26 17:23:25.813 [info] Getting sessions for user:email...
2024-12-26 17:23:25.813 [info] Got 1 sessions for user:email...
2024-12-26 17:23:25.853 [info] Getting sessions for user:email...
2024-12-26 17:23:25.853 [info] Got 1 sessions for user:email...
2024-12-26 17:23:25.895 [info] Getting sessions for all scopes...
2024-12-26 17:23:25.895 [info] Got 1 sessions for ...
2024-12-26 17:23:26.808 [info] Getting sessions for read:user,repo,user:email,workflow...
2024-12-26 17:23:26.808 [info] Got 0 sessions for read:user,repo,user:email,workflow...
2024-12-26 17:23:26.853 [info] Getting sessions for user:email...
2024-12-26 17:23:26.853 [info] Got 1 sessions for user:email...
2024-12-26 17:23:26.890 [info] Getting sessions for all scopes...
2024-12-26 17:23:26.890 [info] Got 1 sessions for ...
2024-12-26 17:23:26.920 [info] Getting sessions for read:user,repo,user:email,workflow...
2024-12-26 17:23:26.920 [info] Got 0 sessions for read:user,repo,user:email,workflow...
2024-12-26 17:23:26.934 [info] Getting sessions for all scopes...
2024-12-26 17:23:26.934 [info] Got 1 sessions for ...
2024-12-26 17:23:26.947 [info] Getting sessions for read:user,repo,user:email,workflow...
2024-12-26 17:23:26.947 [info] Got 0 sessions for read:user,repo,user:email,workflow...
2024-12-26 17:23:26.989 [info] Getting sessions for user:email...
2024-12-26 17:23:26.989 [info] Got 1 sessions for user:email...
2024-12-26 17:23:27.681 [info] Getting sessions for all scopes...
2024-12-26 17:23:27.681 [info] Got 1 sessions for ...
2024-12-26 17:23:27.681 [info] Getting sessions for all scopes...
2024-12-26 17:23:27.681 [info] Got 1 sessions for ...
2024-12-26 17:23:27.687 [info] Getting sessions for read:user,repo,user:email,workflow...
2024-12-26 17:23:27.687 [info] Got 0 sessions for read:user,repo,user:email,workflow...
2024-12-26 17:23:27.687 [info] Getting sessions for user:email...
2024-12-26 17:23:27.687 [info] Got 1 sessions for user:email...
2024-12-26 17:23:27.688 [info] Getting sessions for all scopes...
2024-12-26 17:23:27.688 [info] Got 1 sessions for ...
2024-12-26 17:23:27.689 [info] Getting sessions for read:user,repo,user:email,workflow...
2024-12-26 17:23:27.689 [info] Got 0 sessions for read:user,repo,user:email,workflow...
2024-12-26 17:23:27.689 [info] Getting sessions for user:email...
2024-12-26 17:23:27.690 [info] Got 1 sessions for user:email...
2024-12-26 17:23:27.733 [info] Getting sessions for all scopes...
2024-12-26 17:23:27.733 [info] Got 1 sessions for ...
2024-12-26 17:23:27.742 [info] Getting sessions for read:user,repo,user:email,workflow...
2024-12-26 17:23:27.742 [info] Got 0 sessions for read:user,repo,user:email,workflow...
2024-12-26 17:23:27.743 [info] Getting sessions for user:email...
2024-12-26 17:23:27.743 [info] Got 1 sessions for user:email...
2024-12-26 17:23:28.236 [info] Getting sessions for read:user,repo,user:email,workflow...
2024-12-26 17:23:28.236 [info] Got 0 sessions for read:user,repo,user:email,workflow...
2024-12-26 17:23:28.243 [info] Getting sessions for read:user...
2024-12-26 17:23:28.243 [info] Got 0 sessions for read:user...
2024-12-26 17:23:28.243 [info] Getting sessions for user:email...
2024-12-26 17:23:28.243 [info] Got 1 sessions for user:email...
2024-12-26 17:23:29.006 [info] Getting sessions for all scopes...
2024-12-26 17:23:29.006 [info] Got 1 sessions for ...
2024-12-26 17:23:29.183 [info] Getting sessions for read:user,repo,user:email,workflow...
2024-12-26 17:23:29.184 [info] Got 0 sessions for read:user,repo,user:email,workflow...
2024-12-26 17:23:29.249 [info] Getting sessions for user:email...
2024-12-26 17:23:29.249 [info] Got 1 sessions for user:email...
