2024-12-27 00:37:39.614 [info] Reading sessions from keychain...
2024-12-27 00:37:39.614 [info] Getting sessions for all scopes...
2024-12-27 00:37:39.614 [info] Getting sessions for all scopes...
2024-12-27 00:37:39.614 [info] Getting sessions for all scopes...
2024-12-27 00:37:39.614 [info] Getting sessions for all scopes...
2024-12-27 00:37:39.614 [info] Getting sessions for all scopes...
2024-12-27 00:37:39.614 [info] Getting sessions for all scopes...
2024-12-27 00:37:39.614 [info] Getting sessions for all scopes...
2024-12-27 00:37:39.614 [info] Getting sessions for all scopes...
2024-12-27 00:37:39.624 [info] Got stored sessions!
2024-12-27 00:37:39.624 [info] Got 1 verified sessions.
2024-12-27 00:37:39.624 [info] Got 1 sessions for ...
2024-12-27 00:37:39.624 [info] Got 1 sessions for ...
2024-12-27 00:37:39.624 [info] Got 1 sessions for ...
2024-12-27 00:37:39.624 [info] Got 1 sessions for ...
2024-12-27 00:37:39.624 [info] Got 1 sessions for ...
2024-12-27 00:37:39.624 [info] Got 1 sessions for ...
2024-12-27 00:37:39.624 [info] Got 1 sessions for ...
2024-12-27 00:37:39.624 [info] Got 1 sessions for ...
2024-12-27 00:37:41.551 [info] Getting sessions for all scopes...
2024-12-27 00:37:41.551 [info] Got 1 sessions for ...
2024-12-27 00:38:07.452 [info] Getting sessions for read:user,repo,user:email,workflow...
2024-12-27 00:38:07.452 [info] Got 0 sessions for read:user,repo,user:email,workflow...
2024-12-27 00:38:07.452 [info] Getting sessions for all scopes...
2024-12-27 00:38:07.452 [info] Got 1 sessions for ...
2024-12-27 00:38:07.452 [info] Getting sessions for all scopes...
2024-12-27 00:38:07.452 [info] Got 1 sessions for ...
2024-12-27 00:38:07.456 [info] Getting sessions for read:user...
2024-12-27 00:38:07.456 [info] Got 0 sessions for read:user...
2024-12-27 00:38:07.456 [info] Getting sessions for read:user,repo,user:email,workflow...
2024-12-27 00:38:07.456 [info] Got 0 sessions for read:user,repo,user:email,workflow...
2024-12-27 00:38:07.457 [info] Getting sessions for user:email...
2024-12-27 00:38:07.457 [info] Got 1 sessions for user:email...
2024-12-27 00:38:07.457 [info] Getting sessions for user:email...
2024-12-27 00:38:07.457 [info] Got 1 sessions for user:email...
2024-12-27 00:38:07.463 [info] Getting sessions for all scopes...
2024-12-27 00:38:07.463 [info] Got 1 sessions for ...
2024-12-27 00:38:07.465 [info] Getting sessions for read:user,repo,user:email,workflow...
2024-12-27 00:38:07.465 [info] Got 0 sessions for read:user,repo,user:email,workflow...
2024-12-27 00:38:08.230 [info] Getting sessions for user:email...
2024-12-27 00:38:08.230 [info] Got 1 sessions for user:email...
2024-12-27 00:38:08.232 [info] Getting sessions for all scopes...
2024-12-27 00:38:08.232 [info] Got 1 sessions for ...
2024-12-27 00:38:08.233 [info] Getting sessions for read:user,repo,user:email,workflow...
2024-12-27 00:38:08.233 [info] Got 0 sessions for read:user,repo,user:email,workflow...
2024-12-27 00:38:08.233 [info] Getting sessions for user:email...
2024-12-27 00:38:08.233 [info] Got 1 sessions for user:email...
2024-12-27 00:38:08.474 [info] Getting sessions for all scopes...
2024-12-27 00:38:08.474 [info] Got 1 sessions for ...
2024-12-27 00:38:08.482 [info] Getting sessions for read:user,repo,user:email,workflow...
2024-12-27 00:38:08.482 [info] Got 0 sessions for read:user,repo,user:email,workflow...
2024-12-27 00:38:08.483 [info] Getting sessions for user:email...
2024-12-27 00:38:08.483 [info] Got 1 sessions for user:email...
2024-12-27 00:38:09.319 [info] Getting sessions for all scopes...
2024-12-27 00:38:09.319 [info] Got 1 sessions for ...
2024-12-27 00:38:09.320 [info] Getting sessions for all scopes...
2024-12-27 00:38:09.320 [info] Got 1 sessions for ...
2024-12-27 00:38:09.327 [info] Getting sessions for read:user,repo,user:email,workflow...
2024-12-27 00:38:09.327 [info] Got 0 sessions for read:user,repo,user:email,workflow...
2024-12-27 00:38:09.328 [info] Getting sessions for user:email...
2024-12-27 00:38:09.328 [info] Got 1 sessions for user:email...
2024-12-27 00:38:09.330 [info] Getting sessions for all scopes...
2024-12-27 00:38:09.330 [info] Got 1 sessions for ...
2024-12-27 00:38:09.331 [info] Getting sessions for read:user,repo,user:email,workflow...
2024-12-27 00:38:09.331 [info] Got 0 sessions for read:user,repo,user:email,workflow...
2024-12-27 00:38:09.331 [info] Getting sessions for user:email...
2024-12-27 00:38:09.331 [info] Got 1 sessions for user:email...
2024-12-27 00:38:09.366 [info] Getting sessions for all scopes...
2024-12-27 00:38:09.366 [info] Got 1 sessions for ...
2024-12-27 00:38:09.366 [info] Getting sessions for read:user,repo,user:email,workflow...
2024-12-27 00:38:09.366 [info] Got 0 sessions for read:user,repo,user:email,workflow...
2024-12-27 00:38:09.367 [info] Getting sessions for user:email...
2024-12-27 00:38:09.367 [info] Got 1 sessions for user:email...
2024-12-27 00:38:10.093 [info] Getting sessions for read:user,repo,user:email,workflow...
2024-12-27 00:38:10.093 [info] Got 0 sessions for read:user,repo,user:email,workflow...
2024-12-27 00:38:10.095 [info] Getting sessions for read:user...
2024-12-27 00:38:10.095 [info] Got 0 sessions for read:user...
2024-12-27 00:38:10.096 [info] Getting sessions for user:email...
2024-12-27 00:38:10.096 [info] Got 1 sessions for user:email...
2024-12-27 00:38:10.660 [info] Getting sessions for all scopes...
2024-12-27 00:38:10.660 [info] Got 1 sessions for ...
2024-12-27 00:38:10.662 [info] Getting sessions for read:user,repo,user:email,workflow...
2024-12-27 00:38:10.662 [info] Got 0 sessions for read:user,repo,user:email,workflow...
2024-12-27 00:38:10.662 [info] Getting sessions for user:email...
2024-12-27 00:38:10.662 [info] Got 1 sessions for user:email...
