2024-12-26 18:11:05.869 [info] [main] Log level: Info
2024-12-26 18:11:05.869 [info] [main] Validating found git in: "git"
2024-12-26 18:11:05.869 [info] [main] Using git "2.47.1" from "git"
2024-12-26 18:11:05.869 [info] [Model][doInitialScan] Initial repository scan started
2024-12-26 18:11:05.869 [info] > git rev-parse --show-toplevel [1ms]
2024-12-26 18:11:05.869 [info] fatal: not a git repository (or any of the parent directories): .git
2024-12-26 18:11:05.869 [info] > git rev-parse --show-toplevel [2ms]
2024-12-26 18:11:05.899 [info] > git rev-parse --git-dir --git-common-dir [19ms]
2024-12-26 18:11:05.906 [info] [Model][openRepository] Opened repository: /home/subinoy/.config
2024-12-26 18:11:05.968 [info] > git rev-parse --show-toplevel [14ms]
2024-12-26 18:11:05.968 [info] fatal: not a git repository (or any of the parent directories): .git
2024-12-26 18:11:05.969 [info] > git config --get commit.template [28ms]
2024-12-26 18:11:05.996 [info] > git rev-parse --show-toplevel [13ms]
2024-12-26 18:11:05.996 [info] fatal: not a git repository (or any of the parent directories): .git
2024-12-26 18:11:06.022 [info] > git for-each-ref --format=%(refname)%00%(upstream:short)%00%(objectname)%00%(upstream:track)%00%(upstream:remotename)%00%(upstream:remoteref) refs/heads/Hypr-Config-3.0 refs/remotes/Hypr-Config-3.0 [27ms]
2024-12-26 18:11:06.034 [warning] [Git][revParse] Unable to read file: ENOENT: no such file or directory, open '/home/subinoy/.config/.git/refs/remotes/origin/Hypr-Config-3.0'
2024-12-26 18:11:06.043 [info] > git rev-parse refs/remotes/origin/Hypr-Config-3.0 [8ms]
2024-12-26 18:11:06.080 [info] > git rev-parse --show-toplevel [3ms]
2024-12-26 18:11:06.080 [info] fatal: not a git repository (or any of the parent directories): .git
2024-12-26 18:11:06.080 [info] > git for-each-ref --sort -committerdate --format %(refname) %(objectname) %(*objectname) [15ms]
2024-12-26 18:11:06.094 [info] > git rev-parse --show-toplevel [2ms]
2024-12-26 18:11:06.094 [info] fatal: not a git repository (or any of the parent directories): .git
2024-12-26 18:11:06.981 [info] > git status -z -uall [928ms]
2024-12-26 18:11:06.981 [info] > git rev-parse --show-toplevel [876ms]
2024-12-26 18:11:06.981 [info] fatal: not a git repository (or any of the parent directories): .git
2024-12-26 18:11:07.051 [info] > git check-ignore -v -z --stdin [57ms]
2024-12-26 18:11:07.051 [info] > git for-each-ref --format=%(refname)%00%(upstream:short)%00%(objectname)%00%(upstream:track)%00%(upstream:remotename)%00%(upstream:remoteref) refs/heads/Hypr-Config-3.0 refs/remotes/Hypr-Config-3.0 [23ms]
2024-12-26 18:11:07.064 [info] > git rev-parse --show-toplevel [58ms]
2024-12-26 18:11:07.083 [info] > git config --local branch.Hypr-Config-3.0.vscode-merge-base [19ms]
2024-12-26 18:11:07.095 [info] > git config --get commit.template [45ms]
2024-12-26 18:11:07.097 [info] > git for-each-ref --format=%(refname)%00%(upstream:short)%00%(objectname)%00%(upstream:track)%00%(upstream:remotename)%00%(upstream:remoteref) refs/heads/origin/Hypr-Config-3.0 refs/remotes/origin/Hypr-Config-3.0 [2ms]
2024-12-26 18:11:07.118 [info] > git rev-parse --git-dir --git-common-dir [38ms]
2024-12-26 18:11:07.121 [info] [Model][openRepository] Opened repository: /home/subinoy/.nvm
2024-12-26 18:11:07.208 [info] > git merge-base refs/heads/Hypr-Config-3.0 refs/remotes/origin/Hypr-Config-3.0 [97ms]
2024-12-26 18:11:07.224 [info] > git diff --name-status -z --diff-filter=ADMR 070c32c1f65286dd2a642380b4aedecee65a8d74...refs/remotes/origin/Hypr-Config-3.0 [3ms]
2024-12-26 18:11:07.224 [info] > git rev-parse --show-toplevel [36ms]
2024-12-26 18:11:07.224 [info] > git config --get commit.template [50ms]
2024-12-26 18:11:07.224 [info] > git for-each-ref --format=%(refname)%00%(upstream:short)%00%(objectname)%00%(upstream:track)%00%(upstream:remotename)%00%(upstream:remoteref) refs/heads/Hypr-Config-3.0 refs/remotes/Hypr-Config-3.0 [66ms]
2024-12-26 18:11:07.269 [warning] [Git][revParse] Unable to read file: ENOENT: no such file or directory, open '/home/subinoy/.config/.git/refs/remotes/origin/Hypr-Config-3.0'
2024-12-26 18:11:07.321 [info] > git rev-parse refs/remotes/origin/Hypr-Config-3.0 [51ms]
2024-12-26 18:11:07.347 [info] > git rev-parse --git-dir --git-common-dir [90ms]
2024-12-26 18:11:07.350 [info] [Model][openRepository] Opened repository: /home/subinoy/.oh-my-zsh
2024-12-26 18:11:07.383 [info] > git status -z -uall [48ms]
2024-12-26 18:11:07.383 [info] > git for-each-ref --sort -committerdate --format %(refname) %(objectname) %(*objectname) [36ms]
2024-12-26 18:11:07.383 [info] > git for-each-ref --format %(refname) %(objectname) %(*objectname) refs/tags [101ms]
2024-12-26 18:11:07.417 [info] > git status -z -uall [22ms]
2024-12-26 18:11:07.417 [info] > git for-each-ref --sort -committerdate --format %(refname) %(objectname) %(*objectname) [9ms]
2024-12-26 18:11:07.418 [info] > git rev-parse --show-toplevel [40ms]
2024-12-26 18:11:07.418 [info] fatal: not a git repository (or any of the parent directories): .git
2024-12-26 18:11:07.418 [info] > git config --get commit.template [53ms]
2024-12-26 18:11:07.487 [info] > git config --get commit.template [38ms]
2024-12-26 18:11:07.487 [info] > git rev-parse --show-toplevel [49ms]
2024-12-26 18:11:07.487 [info] fatal: not a git repository (or any of the parent directories): .git
2024-12-26 18:11:07.503 [info] > git config --get commit.template [17ms]
2024-12-26 18:11:07.503 [info] > git for-each-ref --format=%(refname)%00%(upstream:short)%00%(objectname)%00%(upstream:track)%00%(upstream:remotename)%00%(upstream:remoteref) refs/heads/master refs/remotes/master [34ms]
2024-12-26 18:11:07.519 [info] > git rev-parse --show-toplevel [16ms]
2024-12-26 18:11:07.519 [info] fatal: not a git repository (or any of the parent directories): .git
2024-12-26 18:11:07.619 [info] > git for-each-ref --format=%(refname)%00%(upstream:short)%00%(objectname)%00%(upstream:track)%00%(upstream:remotename)%00%(upstream:remoteref) refs/heads/Hypr-Config-3.0 refs/remotes/Hypr-Config-3.0 [102ms]
2024-12-26 18:11:07.653 [warning] [Git][revParse] Unable to read file: ENOENT: no such file or directory, open '/home/subinoy/.config/.git/refs/remotes/origin/Hypr-Config-3.0'
2024-12-26 18:11:07.654 [info] > git rev-parse --show-toplevel [35ms]
2024-12-26 18:11:07.654 [info] fatal: not a git repository (or any of the parent directories): .git
2024-12-26 18:11:07.654 [info] > git for-each-ref --format %(refname) %(objectname) %(*objectname) refs/tags [49ms]
2024-12-26 18:11:07.742 [info] > git status -z -uall [74ms]
2024-12-26 18:11:07.743 [info] > git rev-parse refs/remotes/origin/Hypr-Config-3.0 [90ms]
2024-12-26 18:11:07.788 [info] > git check-ignore -v -z --stdin [2ms]
2024-12-26 18:11:07.789 [info] > git for-each-ref --sort -committerdate --format %(refname) %(objectname) %(*objectname) [19ms]
2024-12-26 18:11:07.790 [info] > git rev-parse --show-toplevel [67ms]
2024-12-26 18:11:07.790 [info] fatal: not a git repository (or any of the parent directories): .git
2024-12-26 18:11:07.790 [info] > git for-each-ref --sort -committerdate --format %(refname) %(objectname) %(*objectname) [81ms]
2024-12-26 18:11:07.790 [info] > git for-each-ref --sort -committerdate --format %(refname) %(objectname) %(*objectname) [109ms]
2024-12-26 18:11:07.841 [info] > git status -z -uall [146ms]
2024-12-26 18:11:07.841 [info] > git status -z -uall [85ms]
2024-12-26 18:11:07.842 [info] > git rev-parse --show-toplevel [36ms]
2024-12-26 18:11:07.842 [info] fatal: not a git repository (or any of the parent directories): .git
2024-12-26 18:11:07.897 [info] > git for-each-ref --format=%(refname)%00%(upstream:short)%00%(objectname)%00%(upstream:track)%00%(upstream:remotename)%00%(upstream:remoteref) refs/heads/master refs/remotes/master [18ms]
2024-12-26 18:11:07.911 [info] > git rev-parse --show-toplevel [50ms]
2024-12-26 18:11:07.934 [info] > git config --local branch.master.vscode-merge-base [23ms]
2024-12-26 18:11:07.934 [warning] [Git][config] git config failed: Failed to execute git
2024-12-26 18:11:07.949 [info] > git config --get commit.template [53ms]
2024-12-26 18:11:07.968 [info] > git reflog master --grep-reflog=branch: Created from *. [19ms]
2024-12-26 18:11:07.983 [info] > git rev-parse --git-dir --git-common-dir [50ms]
2024-12-26 18:11:07.986 [info] [Model][openRepository] Opened repository: /home/subinoy/Hyprland-Custom-Configuration
2024-12-26 18:11:08.033 [info] > git for-each-ref --format=%(refname)%00%(upstream:short)%00%(objectname)%00%(upstream:track)%00%(upstream:remotename)%00%(upstream:remoteref) refs/heads/origin/master refs/remotes/origin/master [50ms]
2024-12-26 18:11:08.052 [info] > git config --local branch.master.vscode-merge-base origin/master [3ms]
2024-12-26 18:11:08.053 [info] > git rev-parse --show-toplevel [20ms]
2024-12-26 18:11:08.053 [info] fatal: not a git repository (or any of the parent directories): .git
2024-12-26 18:11:08.053 [info] > git config --get commit.template [35ms]
2024-12-26 18:11:08.053 [info] > git for-each-ref --format=%(refname)%00%(upstream:short)%00%(objectname)%00%(upstream:track)%00%(upstream:remotename)%00%(upstream:remoteref) refs/heads/master refs/remotes/master [50ms]
2024-12-26 18:11:08.094 [info] > git config --get commit.template [27ms]
2024-12-26 18:11:08.095 [info] > git rev-parse --show-toplevel [15ms]
2024-12-26 18:11:08.095 [info] fatal: not a git repository (or any of the parent directories): .git
2024-12-26 18:11:08.145 [info] > git for-each-ref --format=%(refname)%00%(upstream:short)%00%(objectname)%00%(upstream:track)%00%(upstream:remotename)%00%(upstream:remoteref) refs/heads/master refs/remotes/master [21ms]
2024-12-26 18:11:08.161 [info] > git for-each-ref --format=%(refname)%00%(upstream:short)%00%(objectname)%00%(upstream:track)%00%(upstream:remotename)%00%(upstream:remoteref) refs/heads/master refs/remotes/master [52ms]
2024-12-26 18:11:08.161 [info] > git for-each-ref --format=%(refname)%00%(upstream:short)%00%(objectname)%00%(upstream:track)%00%(upstream:remotename)%00%(upstream:remoteref) refs/heads/Hypr-Config-3.0 refs/remotes/Hypr-Config-3.0 [68ms]
2024-12-26 18:11:08.177 [warning] [Git][revParse] Unable to read file: ENOENT: no such file or directory, open '/home/subinoy/Hyprland-Custom-Configuration/.git/refs/remotes/origin/Hypr-Config-3.0'
2024-12-26 18:11:08.177 [info] > git config --local branch.master.vscode-merge-base [17ms]
2024-12-26 18:11:08.193 [info] > git rev-parse --show-toplevel [55ms]
2024-12-26 18:11:08.193 [info] fatal: not a git repository (or any of the parent directories): .git
2024-12-26 18:11:08.212 [info] > git for-each-ref --format=%(refname)%00%(upstream:short)%00%(objectname)%00%(upstream:track)%00%(upstream:remotename)%00%(upstream:remoteref) refs/heads/origin/master refs/remotes/origin/master [19ms]
2024-12-26 18:11:08.228 [info] > git rev-parse refs/remotes/origin/Hypr-Config-3.0 [51ms]
2024-12-26 18:11:08.261 [info] > git merge-base refs/heads/master refs/remotes/origin/master [33ms]
2024-12-26 18:11:08.277 [info] > git rev-parse --show-toplevel [67ms]
2024-12-26 18:11:08.277 [info] fatal: not a git repository (or any of the parent directories): .git
2024-12-26 18:11:08.329 [info] > git status -z -uall [86ms]
2024-12-26 18:11:08.329 [info] > git status -z -uall [34ms]
2024-12-26 18:11:08.329 [info] > git for-each-ref --sort -committerdate --format %(refname) %(objectname) %(*objectname) [70ms]
2024-12-26 18:11:08.331 [info] > git rev-parse --show-toplevel [4ms]
2024-12-26 18:11:08.331 [info] fatal: not a git repository (or any of the parent directories): .git
2024-12-26 18:11:08.331 [info] > git for-each-ref --sort -committerdate --format %(refname) %(objectname) %(*objectname) [20ms]
2024-12-26 18:11:08.386 [info] > git diff --name-status -z --diff-filter=ADMR f733dc340b2a1c5b2e61a4da7de790b2f557175f...refs/remotes/origin/master [109ms]
2024-12-26 18:11:08.418 [info] > git for-each-ref --format=%(refname)%00%(upstream:short)%00%(objectname)%00%(upstream:track)%00%(upstream:remotename)%00%(upstream:remoteref) refs/heads/Hypr-Config-3.0 refs/remotes/Hypr-Config-3.0 [34ms]
2024-12-26 18:11:08.435 [info] > git merge-base refs/heads/master refs/remotes/origin/master [71ms]
2024-12-26 18:11:08.451 [info] > git merge-base refs/heads/master refs/remotes/origin/master [103ms]
2024-12-26 18:11:08.472 [info] > git diff --name-status -z --diff-filter=ADMR f733dc340b2a1c5b2e61a4da7de790b2f557175f...refs/remotes/origin/master [5ms]
2024-12-26 18:11:08.473 [info] > git diff --name-status -z --diff-filter=ADMR f733dc340b2a1c5b2e61a4da7de790b2f557175f...refs/remotes/origin/master [22ms]
2024-12-26 18:11:08.473 [info] > git config --local branch.Hypr-Config-3.0.vscode-merge-base [38ms]
2024-12-26 18:11:08.487 [info] > git config --get commit.template [70ms]
2024-12-26 18:11:08.487 [info] > git rev-parse --show-toplevel [84ms]
2024-12-26 18:11:08.487 [info] fatal: not a git repository (or any of the parent directories): .git
2024-12-26 18:11:08.505 [info] > git for-each-ref --format=%(refname)%00%(upstream:short)%00%(objectname)%00%(upstream:track)%00%(upstream:remotename)%00%(upstream:remoteref) refs/heads/origin/Hypr-Config-3.0 refs/remotes/origin/Hypr-Config-3.0 [18ms]
2024-12-26 18:11:08.534 [info] > git merge-base refs/heads/Hypr-Config-3.0 refs/remotes/origin/Hypr-Config-3.0 [15ms]
2024-12-26 18:11:08.549 [info] > git rev-parse --show-toplevel [45ms]
2024-12-26 18:11:08.571 [info] > git diff --name-status -z --diff-filter=ADMR 070c32c1f65286dd2a642380b4aedecee65a8d74...refs/remotes/origin/Hypr-Config-3.0 [23ms]
2024-12-26 18:11:08.571 [info] > git for-each-ref --format=%(refname)%00%(upstream:short)%00%(objectname)%00%(upstream:track)%00%(upstream:remotename)%00%(upstream:remoteref) refs/heads/Hypr-Config-3.0 refs/remotes/Hypr-Config-3.0 [37ms]
2024-12-26 18:11:08.605 [warning] [Git][revParse] Unable to read file: ENOENT: no such file or directory, open '/home/subinoy/Hyprland-Custom-Configuration/.git/refs/remotes/origin/Hypr-Config-3.0'
2024-12-26 18:11:08.607 [info] > git rev-parse --git-dir --git-common-dir [38ms]
2024-12-26 18:11:08.609 [info] [Model][openRepository] Opened repository: /home/subinoy/dots-hyprland
2024-12-26 18:11:08.642 [info] > git check-ignore -v -z --stdin [57ms]
2024-12-26 18:11:08.642 [info] > git rev-parse refs/remotes/origin/Hypr-Config-3.0 [38ms]
2024-12-26 18:11:08.673 [info] > git for-each-ref --sort -committerdate --format %(refname) %(objectname) %(*objectname) [4ms]
2024-12-26 18:11:08.673 [info] > git rev-parse --show-toplevel [32ms]
2024-12-26 18:11:08.673 [info] > git config --get commit.template [46ms]
2024-12-26 18:11:08.704 [info] > git status -z -uall [49ms]
2024-12-26 18:11:08.706 [info] > git rev-parse --git-dir --git-common-dir [16ms]
2024-12-26 18:11:08.708 [info] [Model][openRepository] Opened repository: /home/subinoy/sway-configs-2023
2024-12-26 18:11:08.738 [info] > git for-each-ref --format=%(refname)%00%(upstream:short)%00%(objectname)%00%(upstream:track)%00%(upstream:remotename)%00%(upstream:remoteref) refs/heads/main refs/remotes/main [34ms]
2024-12-26 18:11:08.752 [warning] [Git][revParse] Unable to read file: ENOENT: no such file or directory, open '/home/subinoy/dots-hyprland/.git/refs/remotes/origin/main'
2024-12-26 18:11:08.752 [info] > git rev-parse --show-toplevel [15ms]
2024-12-26 18:11:08.752 [info] > git config --get commit.template [28ms]
2024-12-26 18:11:08.768 [info] > git rev-parse refs/remotes/origin/main [16ms]
2024-12-26 18:11:08.810 [info] > git status -z -uall [29ms]
2024-12-26 18:11:08.810 [info] > git rev-parse --git-dir --git-common-dir [42ms]
2024-12-26 18:11:08.813 [info] [Model][openRepository] Opened repository: /home/subinoy/sway-screenshot
2024-12-26 18:11:08.843 [info] > git for-each-ref --format=%(refname)%00%(upstream:short)%00%(objectname)%00%(upstream:track)%00%(upstream:remotename)%00%(upstream:remoteref) refs/heads/main refs/remotes/main [34ms]
2024-12-26 18:11:08.843 [info] > git for-each-ref --sort -committerdate --format %(refname) %(objectname) %(*objectname) [48ms]
2024-12-26 18:11:08.872 [warning] [Git][revParse] Unable to read file: ENOENT: no such file or directory, open '/home/subinoy/sway-configs-2023/.git/refs/remotes/origin/main'
2024-12-26 18:11:08.886 [info] > git for-each-ref --format=%(refname)%00%(upstream:short)%00%(objectname)%00%(upstream:track)%00%(upstream:remotename)%00%(upstream:remoteref) refs/heads/main refs/remotes/main [29ms]
2024-12-26 18:11:08.901 [info] > git rev-parse --show-toplevel [59ms]
2024-12-26 18:11:08.901 [info] > git config --get commit.template [73ms]
2024-12-26 18:11:08.916 [info] > git config --local branch.main.vscode-merge-base [15ms]
2024-12-26 18:11:08.930 [info] > git config --get commit.template [45ms]
2024-12-26 18:11:08.930 [info] > git rev-parse refs/remotes/origin/main [58ms]
2024-12-26 18:11:08.975 [info] > git status -z -uall [32ms]
2024-12-26 18:11:08.976 [info] > git for-each-ref --format=%(refname)%00%(upstream:short)%00%(objectname)%00%(upstream:track)%00%(upstream:remotename)%00%(upstream:remoteref) refs/heads/origin/main refs/remotes/origin/main [46ms]
2024-12-26 18:11:08.990 [info] > git rev-parse --git-dir --git-common-dir [74ms]
2024-12-26 18:11:08.994 [info] [Model][openRepository] Opened repository: /home/subinoy/yay
2024-12-26 18:11:08.995 [info] [Model][doInitialScan] Initial repository scan completed - repositories (8), closed repositories (0), parent repositories (0), unsafe repositories (0)
2024-12-26 18:11:09.076 [info] > git show --textconv :hypr/hyprland.conf [65ms]
2024-12-26 18:11:09.077 [info] > git ls-files --stage -- /home/subinoy/.config/hypr/hyprland.conf [50ms]
2024-12-26 18:11:09.093 [info] > git merge-base refs/heads/main refs/remotes/origin/main [103ms]
2024-12-26 18:11:09.109 [info] > git for-each-ref --format=%(refname)%00%(upstream:short)%00%(objectname)%00%(upstream:track)%00%(upstream:remotename)%00%(upstream:remoteref) refs/heads/main refs/remotes/main [140ms]
2024-12-26 18:11:09.109 [info] > git for-each-ref --sort -committerdate --format %(refname) %(objectname) %(*objectname) [154ms]
2024-12-26 18:11:09.149 [warning] [Git][revParse] Unable to read file: ENOENT: no such file or directory, open '/home/subinoy/sway-screenshot/.git/refs/remotes/origin/main'
2024-12-26 18:11:09.167 [info] > git for-each-ref --format=%(refname)%00%(upstream:short)%00%(objectname)%00%(upstream:track)%00%(upstream:remotename)%00%(upstream:remoteref) refs/heads/main refs/remotes/main [42ms]
2024-12-26 18:11:09.182 [info] > git diff --name-status -z --diff-filter=ADMR 4ed4bf23942abf47a0fb474be4975bc088d641db...refs/remotes/origin/main [73ms]
2024-12-26 18:11:09.182 [info] > git cat-file -s 6f2d78039e0361b785feebf07762926e7203b844 [89ms]
2024-12-26 18:11:09.183 [info] > git rev-parse --show-toplevel [107ms]
2024-12-26 18:11:09.183 [info] fatal: not a git repository (or any of the parent directories): .git
2024-12-26 18:11:09.183 [info] > git config --get commit.template [123ms]
2024-12-26 18:11:09.183 [info] > git for-each-ref --format=%(refname)%00%(upstream:short)%00%(objectname)%00%(upstream:track)%00%(upstream:remotename)%00%(upstream:remoteref) refs/heads/main refs/remotes/main [138ms]
2024-12-26 18:11:09.217 [warning] [Git][revParse] Unable to read file: ENOENT: no such file or directory, open '/home/subinoy/dots-hyprland/.git/refs/remotes/origin/main'
2024-12-26 18:11:09.218 [info] > git check-ignore -v -z --stdin [18ms]
2024-12-26 18:11:09.219 [info] > git config --local branch.main.vscode-merge-base [37ms]
2024-12-26 18:11:09.235 [info] > git config --get commit.template [72ms]
2024-12-26 18:11:09.235 [info] > git rev-parse refs/remotes/origin/main [86ms]
2024-12-26 18:11:09.298 [info] > git status -z -uall [48ms]
2024-12-26 18:11:09.298 [info] > git for-each-ref --sort -committerdate --format %(refname) %(objectname) %(*objectname) [34ms]
2024-12-26 18:11:09.316 [info] > git for-each-ref --format=%(refname)%00%(upstream:short)%00%(objectname)%00%(upstream:track)%00%(upstream:remotename)%00%(upstream:remoteref) refs/heads/origin/main refs/remotes/origin/main [81ms]
2024-12-26 18:11:09.331 [info] > git rev-parse refs/remotes/origin/main [114ms]
2024-12-26 18:11:09.393 [info] > git status -z -uall [49ms]
2024-12-26 18:11:09.393 [info] > git for-each-ref --sort -committerdate --format %(refname) %(objectname) %(*objectname) [37ms]
2024-12-26 18:11:09.395 [info] > git merge-base refs/heads/main refs/remotes/origin/main [65ms]
2024-12-26 18:11:09.410 [info] > git for-each-ref --format=%(refname)%00%(upstream:short)%00%(objectname)%00%(upstream:track)%00%(upstream:remotename)%00%(upstream:remoteref) refs/heads/main refs/remotes/main [95ms]
2024-12-26 18:11:09.424 [info] > git for-each-ref --format=%(refname)%00%(upstream:short)%00%(objectname)%00%(upstream:track)%00%(upstream:remotename)%00%(upstream:remoteref) refs/heads/master refs/remotes/master [127ms]
2024-12-26 18:11:09.424 [info] > git blame --root --incremental 070c32c1f65286dd2a642380b4aedecee65a8d74 -- /home/subinoy/.config/hypr/hyprland.conf [143ms]
2024-12-26 18:11:09.443 [warning] [Git][revParse] Unable to read file: ENOENT: no such file or directory, open '/home/subinoy/yay/.git/refs/remotes/origin/master'
2024-12-26 18:11:09.444 [info] > git config --local branch.main.vscode-merge-base [20ms]
2024-12-26 18:11:09.458 [info] > git diff --name-status -z --diff-filter=ADMR bbe95abd76ae5e0f6cb95fbcc3f8fcc0f52f2462...refs/remotes/origin/main [48ms]
2024-12-26 18:11:09.459 [info] > git config --get commit.template [67ms]
2024-12-26 18:11:09.459 [info] > git for-each-ref --format=%(refname)%00%(upstream:short)%00%(objectname)%00%(upstream:track)%00%(upstream:remotename)%00%(upstream:remoteref) refs/heads/main refs/remotes/main [80ms]
2024-12-26 18:11:09.475 [warning] [Git][revParse] Unable to read file: ENOENT: no such file or directory, open '/home/subinoy/sway-configs-2023/.git/refs/remotes/origin/main'
2024-12-26 18:11:09.476 [info] > git for-each-ref --format=%(refname)%00%(upstream:short)%00%(objectname)%00%(upstream:track)%00%(upstream:remotename)%00%(upstream:remoteref) refs/heads/origin/main refs/remotes/origin/main [18ms]
2024-12-26 18:11:09.490 [info] > git rev-parse refs/remotes/origin/master [47ms]
2024-12-26 18:11:09.550 [info] > git status -z -uall [46ms]
2024-12-26 18:11:09.550 [info] > git for-each-ref --sort -committerdate --format %(refname) %(objectname) %(*objectname) [31ms]
2024-12-26 18:11:09.569 [info] > git merge-base refs/heads/main refs/remotes/origin/main [79ms]
2024-12-26 18:11:09.584 [info] > git rev-parse refs/remotes/origin/main [109ms]
2024-12-26 18:11:09.634 [info] > git status -z -uall [35ms]
2024-12-26 18:11:09.634 [info] > git for-each-ref --sort -committerdate --format %(refname) %(objectname) %(*objectname) [20ms]
2024-12-26 18:11:09.636 [info] > git diff --name-status -z --diff-filter=ADMR 2b4f4048b346ff7eec0e9d8afbcc84ebde7481bb...refs/remotes/origin/main [52ms]
2024-12-26 18:11:09.636 [info] > git for-each-ref --format=%(refname)%00%(upstream:short)%00%(objectname)%00%(upstream:track)%00%(upstream:remotename)%00%(upstream:remoteref) refs/heads/master refs/remotes/master [69ms]
2024-12-26 18:11:09.651 [info] > git config --get commit.template [101ms]
2024-12-26 18:11:09.652 [info] > git for-each-ref --format=%(refname)%00%(upstream:short)%00%(objectname)%00%(upstream:track)%00%(upstream:remotename)%00%(upstream:remoteref) refs/heads/main refs/remotes/main [115ms]
2024-12-26 18:11:09.669 [warning] [Git][revParse] Unable to read file: ENOENT: no such file or directory, open '/home/subinoy/sway-screenshot/.git/refs/remotes/origin/main'
2024-12-26 18:11:09.670 [info] > git config --local branch.master.vscode-merge-base [19ms]
2024-12-26 18:11:09.685 [info] > git config --get commit.template [51ms]
2024-12-26 18:11:09.709 [info] > git for-each-ref --format=%(refname)%00%(upstream:short)%00%(objectname)%00%(upstream:track)%00%(upstream:remotename)%00%(upstream:remoteref) refs/heads/origin/master refs/remotes/origin/master [24ms]
2024-12-26 18:11:09.723 [info] > git rev-parse refs/remotes/origin/main [54ms]
2024-12-26 18:11:09.767 [info] > git status -z -uall [31ms]
2024-12-26 18:11:09.767 [info] > git for-each-ref --sort -committerdate --format %(refname) %(objectname) %(*objectname) [16ms]
2024-12-26 18:11:09.768 [info] > git merge-base refs/heads/master refs/remotes/origin/master [46ms]
2024-12-26 18:11:09.783 [info] > git for-each-ref --format=%(refname)%00%(upstream:short)%00%(objectname)%00%(upstream:track)%00%(upstream:remotename)%00%(upstream:remoteref) refs/heads/master refs/remotes/master [75ms]
2024-12-26 18:11:09.784 [info] > git diff --name-status -z --diff-filter=ADMR 179b744dec6648ff7c7b051c692ba20c906f348e...refs/remotes/origin/master [1ms]
2024-12-26 18:11:09.785 [info] > git for-each-ref --format=%(refname)%00%(upstream:short)%00%(objectname)%00%(upstream:track)%00%(upstream:remotename)%00%(upstream:remoteref) refs/heads/master refs/remotes/master [19ms]
2024-12-26 18:11:09.802 [warning] [Git][revParse] Unable to read file: ENOENT: no such file or directory, open '/home/subinoy/yay/.git/refs/remotes/origin/master'
2024-12-26 18:11:09.806 [info] > git rev-parse refs/remotes/origin/master [4ms]
2024-12-26 18:11:09.862 [info] > git status -z -uall [42ms]
2024-12-26 18:11:09.863 [info] > git for-each-ref --sort -committerdate --format %(refname) %(objectname) %(*objectname) [1ms]
2024-12-26 18:11:09.863 [info] > git for-each-ref --sort -committerdate --format %(refname) %(objectname) %(*objectname) [30ms]
2024-12-26 18:11:09.897 [info] > git status -z -uall [49ms]
2024-12-26 18:11:10.305 [info] > git diff --name-status -z --diff-filter=ADMR f733dc340b2a1c5b2e61a4da7de790b2f557175f [25ms]
2024-12-26 18:11:11.223 [info] > git diff --name-status -z --diff-filter=ADMR 4ed4bf23942abf47a0fb474be4975bc088d641db [241ms]
2024-12-26 18:11:13.180 [info] > git config --get commit.template [18ms]
2024-12-26 18:11:13.180 [info] > git for-each-ref --format=%(refname)%00%(upstream:short)%00%(objectname)%00%(upstream:track)%00%(upstream:remotename)%00%(upstream:remoteref) refs/heads/Hypr-Config-3.0 refs/remotes/Hypr-Config-3.0 [1ms]
2024-12-26 18:11:13.199 [warning] [Git][revParse] Unable to read file: ENOENT: no such file or directory, open '/home/subinoy/.config/.git/refs/remotes/origin/Hypr-Config-3.0'
2024-12-26 18:11:13.200 [info] > git rev-parse refs/remotes/origin/Hypr-Config-3.0 [1ms]
2024-12-26 18:11:13.237 [info] > git for-each-ref --sort -committerdate --format %(refname) %(objectname) %(*objectname) [1ms]
2024-12-26 18:11:13.259 [info] > git status -z -uall [42ms]
2024-12-26 18:11:18.279 [info] > git config --get commit.template [1ms]
2024-12-26 18:11:18.293 [info] > git for-each-ref --format=%(refname)%00%(upstream:short)%00%(objectname)%00%(upstream:track)%00%(upstream:remotename)%00%(upstream:remoteref) refs/heads/Hypr-Config-3.0 refs/remotes/Hypr-Config-3.0 [1ms]
2024-12-26 18:11:18.305 [warning] [Git][revParse] Unable to read file: ENOENT: no such file or directory, open '/home/subinoy/.config/.git/refs/remotes/origin/Hypr-Config-3.0'
2024-12-26 18:11:18.306 [info] > git rev-parse refs/remotes/origin/Hypr-Config-3.0 [1ms]
2024-12-26 18:11:18.331 [info] > git for-each-ref --sort -committerdate --format %(refname) %(objectname) %(*objectname) [1ms]
2024-12-26 18:11:18.353 [info] > git status -z -uall [35ms]
2024-12-26 18:11:23.371 [info] > git config --get commit.template [1ms]
2024-12-26 18:11:23.384 [info] > git for-each-ref --format=%(refname)%00%(upstream:short)%00%(objectname)%00%(upstream:track)%00%(upstream:remotename)%00%(upstream:remoteref) refs/heads/Hypr-Config-3.0 refs/remotes/Hypr-Config-3.0 [1ms]
2024-12-26 18:11:23.396 [warning] [Git][revParse] Unable to read file: ENOENT: no such file or directory, open '/home/subinoy/.config/.git/refs/remotes/origin/Hypr-Config-3.0'
2024-12-26 18:11:23.397 [info] > git rev-parse refs/remotes/origin/Hypr-Config-3.0 [1ms]
2024-12-26 18:11:23.424 [info] > git for-each-ref --sort -committerdate --format %(refname) %(objectname) %(*objectname) [1ms]
2024-12-26 18:11:23.446 [info] > git status -z -uall [36ms]
2024-12-26 18:11:28.477 [info] > git config --get commit.template [12ms]
2024-12-26 18:11:28.478 [info] > git for-each-ref --format=%(refname)%00%(upstream:short)%00%(objectname)%00%(upstream:track)%00%(upstream:remotename)%00%(upstream:remoteref) refs/heads/Hypr-Config-3.0 refs/remotes/Hypr-Config-3.0 [1ms]
2024-12-26 18:11:28.490 [warning] [Git][revParse] Unable to read file: ENOENT: no such file or directory, open '/home/subinoy/.config/.git/refs/remotes/origin/Hypr-Config-3.0'
2024-12-26 18:11:28.491 [info] > git rev-parse refs/remotes/origin/Hypr-Config-3.0 [1ms]
2024-12-26 18:11:28.518 [info] > git for-each-ref --sort -committerdate --format %(refname) %(objectname) %(*objectname) [2ms]
2024-12-26 18:11:28.538 [info] > git status -z -uall [35ms]
2024-12-26 18:11:33.576 [info] > git config --get commit.template [18ms]
2024-12-26 18:11:33.577 [info] > git for-each-ref --format=%(refname)%00%(upstream:short)%00%(objectname)%00%(upstream:track)%00%(upstream:remotename)%00%(upstream:remoteref) refs/heads/Hypr-Config-3.0 refs/remotes/Hypr-Config-3.0 [1ms]
2024-12-26 18:11:33.593 [warning] [Git][revParse] Unable to read file: ENOENT: no such file or directory, open '/home/subinoy/.config/.git/refs/remotes/origin/Hypr-Config-3.0'
2024-12-26 18:11:33.594 [info] > git rev-parse refs/remotes/origin/Hypr-Config-3.0 [0ms]
2024-12-26 18:11:33.630 [info] > git for-each-ref --sort -committerdate --format %(refname) %(objectname) %(*objectname) [1ms]
2024-12-26 18:11:33.651 [info] > git status -z -uall [40ms]
2024-12-26 18:11:38.675 [info] > git config --get commit.template [1ms]
2024-12-26 18:11:38.690 [info] > git for-each-ref --format=%(refname)%00%(upstream:short)%00%(objectname)%00%(upstream:track)%00%(upstream:remotename)%00%(upstream:remoteref) refs/heads/Hypr-Config-3.0 refs/remotes/Hypr-Config-3.0 [1ms]
2024-12-26 18:11:38.702 [warning] [Git][revParse] Unable to read file: ENOENT: no such file or directory, open '/home/subinoy/.config/.git/refs/remotes/origin/Hypr-Config-3.0'
2024-12-26 18:11:38.703 [info] > git rev-parse refs/remotes/origin/Hypr-Config-3.0 [1ms]
2024-12-26 18:11:38.732 [info] > git for-each-ref --sort -committerdate --format %(refname) %(objectname) %(*objectname) [1ms]
2024-12-26 18:11:38.751 [info] > git status -z -uall [35ms]
2024-12-26 18:11:47.269 [info] > git config --get commit.template [22ms]
2024-12-26 18:11:47.270 [info] > git for-each-ref --format=%(refname)%00%(upstream:short)%00%(objectname)%00%(upstream:track)%00%(upstream:remotename)%00%(upstream:remoteref) refs/heads/Hypr-Config-3.0 refs/remotes/Hypr-Config-3.0 [2ms]
2024-12-26 18:11:47.289 [warning] [Git][revParse] Unable to read file: ENOENT: no such file or directory, open '/home/subinoy/.config/.git/refs/remotes/origin/Hypr-Config-3.0'
2024-12-26 18:11:47.290 [info] > git rev-parse refs/remotes/origin/Hypr-Config-3.0 [1ms]
2024-12-26 18:11:47.332 [info] > git for-each-ref --sort -committerdate --format %(refname) %(objectname) %(*objectname) [1ms]
2024-12-26 18:11:47.351 [info] > git status -z -uall [40ms]
2024-12-26 18:11:52.390 [info] > git config --get commit.template [16ms]
2024-12-26 18:11:52.391 [info] > git for-each-ref --format=%(refname)%00%(upstream:short)%00%(objectname)%00%(upstream:track)%00%(upstream:remotename)%00%(upstream:remoteref) refs/heads/Hypr-Config-3.0 refs/remotes/Hypr-Config-3.0 [1ms]
2024-12-26 18:11:52.405 [warning] [Git][revParse] Unable to read file: ENOENT: no such file or directory, open '/home/subinoy/.config/.git/refs/remotes/origin/Hypr-Config-3.0'
2024-12-26 18:11:52.406 [info] > git rev-parse refs/remotes/origin/Hypr-Config-3.0 [0ms]
2024-12-26 18:11:52.433 [info] > git for-each-ref --sort -committerdate --format %(refname) %(objectname) %(*objectname) [1ms]
2024-12-26 18:11:52.454 [info] > git status -z -uall [36ms]
2024-12-26 18:11:57.491 [info] > git config --get commit.template [15ms]
2024-12-26 18:11:57.491 [info] > git for-each-ref --format=%(refname)%00%(upstream:short)%00%(objectname)%00%(upstream:track)%00%(upstream:remotename)%00%(upstream:remoteref) refs/heads/Hypr-Config-3.0 refs/remotes/Hypr-Config-3.0 [1ms]
2024-12-26 18:11:57.505 [warning] [Git][revParse] Unable to read file: ENOENT: no such file or directory, open '/home/subinoy/.config/.git/refs/remotes/origin/Hypr-Config-3.0'
2024-12-26 18:11:57.506 [info] > git rev-parse refs/remotes/origin/Hypr-Config-3.0 [1ms]
2024-12-26 18:11:57.534 [info] > git for-each-ref --sort -committerdate --format %(refname) %(objectname) %(*objectname) [1ms]
2024-12-26 18:11:57.554 [info] > git status -z -uall [35ms]
2024-12-26 18:12:02.586 [info] > git config --get commit.template [13ms]
2024-12-26 18:12:02.586 [info] > git for-each-ref --format=%(refname)%00%(upstream:short)%00%(objectname)%00%(upstream:track)%00%(upstream:remotename)%00%(upstream:remoteref) refs/heads/Hypr-Config-3.0 refs/remotes/Hypr-Config-3.0 [1ms]
2024-12-26 18:12:02.599 [warning] [Git][revParse] Unable to read file: ENOENT: no such file or directory, open '/home/subinoy/.config/.git/refs/remotes/origin/Hypr-Config-3.0'
2024-12-26 18:12:02.600 [info] > git rev-parse refs/remotes/origin/Hypr-Config-3.0 [1ms]
2024-12-26 18:12:02.633 [info] > git for-each-ref --sort -committerdate --format %(refname) %(objectname) %(*objectname) [1ms]
2024-12-26 18:12:02.655 [info] > git status -z -uall [40ms]
2024-12-26 18:12:07.703 [info] > git config --get commit.template [21ms]
2024-12-26 18:12:07.703 [info] > git for-each-ref --format=%(refname)%00%(upstream:short)%00%(objectname)%00%(upstream:track)%00%(upstream:remotename)%00%(upstream:remoteref) refs/heads/Hypr-Config-3.0 refs/remotes/Hypr-Config-3.0 [1ms]
2024-12-26 18:12:07.722 [warning] [Git][revParse] Unable to read file: ENOENT: no such file or directory, open '/home/subinoy/.config/.git/refs/remotes/origin/Hypr-Config-3.0'
2024-12-26 18:12:07.723 [info] > git rev-parse refs/remotes/origin/Hypr-Config-3.0 [1ms]
2024-12-26 18:12:07.766 [info] > git for-each-ref --sort -committerdate --format %(refname) %(objectname) %(*objectname) [1ms]
2024-12-26 18:12:07.781 [info] > git status -z -uall [39ms]
2024-12-26 18:12:12.832 [info] > git config --get commit.template [22ms]
2024-12-26 18:12:12.832 [info] > git for-each-ref --format=%(refname)%00%(upstream:short)%00%(objectname)%00%(upstream:track)%00%(upstream:remotename)%00%(upstream:remoteref) refs/heads/Hypr-Config-3.0 refs/remotes/Hypr-Config-3.0 [1ms]
2024-12-26 18:12:12.850 [warning] [Git][revParse] Unable to read file: ENOENT: no such file or directory, open '/home/subinoy/.config/.git/refs/remotes/origin/Hypr-Config-3.0'
2024-12-26 18:12:12.851 [info] > git rev-parse refs/remotes/origin/Hypr-Config-3.0 [1ms]
2024-12-26 18:12:12.888 [info] > git for-each-ref --sort -committerdate --format %(refname) %(objectname) %(*objectname) [2ms]
2024-12-26 18:12:12.907 [info] > git status -z -uall [39ms]
2024-12-26 18:12:17.998 [info] > git config --get commit.template [2ms]
2024-12-26 18:12:18.030 [info] > git for-each-ref --format=%(refname)%00%(upstream:short)%00%(objectname)%00%(upstream:track)%00%(upstream:remotename)%00%(upstream:remoteref) refs/heads/Hypr-Config-3.0 refs/remotes/Hypr-Config-3.0 [2ms]
2024-12-26 18:12:18.062 [warning] [Git][revParse] Unable to read file: ENOENT: no such file or directory, open '/home/subinoy/.config/.git/refs/remotes/origin/Hypr-Config-3.0'
2024-12-26 18:12:18.064 [info] > git rev-parse refs/remotes/origin/Hypr-Config-3.0 [2ms]
2024-12-26 18:12:18.132 [info] > git for-each-ref --sort -committerdate --format %(refname) %(objectname) %(*objectname) [3ms]
2024-12-26 18:12:18.171 [info] > git status -z -uall [75ms]
2024-12-26 18:12:23.221 [info] > git config --get commit.template [17ms]
2024-12-26 18:12:23.221 [info] > git for-each-ref --format=%(refname)%00%(upstream:short)%00%(objectname)%00%(upstream:track)%00%(upstream:remotename)%00%(upstream:remoteref) refs/heads/Hypr-Config-3.0 refs/remotes/Hypr-Config-3.0 [1ms]
2024-12-26 18:12:23.235 [warning] [Git][revParse] Unable to read file: ENOENT: no such file or directory, open '/home/subinoy/.config/.git/refs/remotes/origin/Hypr-Config-3.0'
2024-12-26 18:12:23.236 [info] > git rev-parse refs/remotes/origin/Hypr-Config-3.0 [1ms]
2024-12-26 18:12:23.264 [info] > git for-each-ref --sort -committerdate --format %(refname) %(objectname) %(*objectname) [1ms]
2024-12-26 18:12:23.285 [info] > git status -z -uall [36ms]
2024-12-26 18:12:28.323 [info] > git config --get commit.template [17ms]
2024-12-26 18:12:28.323 [info] > git for-each-ref --format=%(refname)%00%(upstream:short)%00%(objectname)%00%(upstream:track)%00%(upstream:remotename)%00%(upstream:remoteref) refs/heads/Hypr-Config-3.0 refs/remotes/Hypr-Config-3.0 [1ms]
2024-12-26 18:12:28.337 [warning] [Git][revParse] Unable to read file: ENOENT: no such file or directory, open '/home/subinoy/.config/.git/refs/remotes/origin/Hypr-Config-3.0'
2024-12-26 18:12:28.338 [info] > git rev-parse refs/remotes/origin/Hypr-Config-3.0 [1ms]
2024-12-26 18:12:28.369 [info] > git for-each-ref --sort -committerdate --format %(refname) %(objectname) %(*objectname) [1ms]
2024-12-26 18:12:28.390 [info] > git status -z -uall [36ms]
2024-12-26 18:12:33.426 [info] > git config --get commit.template [13ms]
2024-12-26 18:12:33.427 [info] > git for-each-ref --format=%(refname)%00%(upstream:short)%00%(objectname)%00%(upstream:track)%00%(upstream:remotename)%00%(upstream:remoteref) refs/heads/Hypr-Config-3.0 refs/remotes/Hypr-Config-3.0 [1ms]
2024-12-26 18:12:33.440 [warning] [Git][revParse] Unable to read file: ENOENT: no such file or directory, open '/home/subinoy/.config/.git/refs/remotes/origin/Hypr-Config-3.0'
2024-12-26 18:12:33.441 [info] > git rev-parse refs/remotes/origin/Hypr-Config-3.0 [1ms]
2024-12-26 18:12:33.468 [info] > git for-each-ref --sort -committerdate --format %(refname) %(objectname) %(*objectname) [2ms]
2024-12-26 18:12:33.488 [info] > git status -z -uall [35ms]
2024-12-26 18:12:38.525 [info] > git config --get commit.template [18ms]
2024-12-26 18:12:38.526 [info] > git for-each-ref --format=%(refname)%00%(upstream:short)%00%(objectname)%00%(upstream:track)%00%(upstream:remotename)%00%(upstream:remoteref) refs/heads/Hypr-Config-3.0 refs/remotes/Hypr-Config-3.0 [2ms]
2024-12-26 18:12:38.540 [warning] [Git][revParse] Unable to read file: ENOENT: no such file or directory, open '/home/subinoy/.config/.git/refs/remotes/origin/Hypr-Config-3.0'
2024-12-26 18:12:38.541 [info] > git rev-parse refs/remotes/origin/Hypr-Config-3.0 [1ms]
2024-12-26 18:12:38.575 [info] > git for-each-ref --sort -committerdate --format %(refname) %(objectname) %(*objectname) [1ms]
2024-12-26 18:12:38.593 [info] > git status -z -uall [35ms]
2024-12-26 18:12:43.629 [info] > git config --get commit.template [13ms]
2024-12-26 18:12:43.630 [info] > git for-each-ref --format=%(refname)%00%(upstream:short)%00%(objectname)%00%(upstream:track)%00%(upstream:remotename)%00%(upstream:remoteref) refs/heads/Hypr-Config-3.0 refs/remotes/Hypr-Config-3.0 [1ms]
2024-12-26 18:12:43.643 [warning] [Git][revParse] Unable to read file: ENOENT: no such file or directory, open '/home/subinoy/.config/.git/refs/remotes/origin/Hypr-Config-3.0'
2024-12-26 18:12:43.644 [info] > git rev-parse refs/remotes/origin/Hypr-Config-3.0 [1ms]
2024-12-26 18:12:43.672 [info] > git for-each-ref --sort -committerdate --format %(refname) %(objectname) %(*objectname) [1ms]
2024-12-26 18:12:43.691 [info] > git status -z -uall [35ms]
2024-12-26 18:12:48.715 [info] > git config --get commit.template [1ms]
2024-12-26 18:12:48.730 [info] > git for-each-ref --format=%(refname)%00%(upstream:short)%00%(objectname)%00%(upstream:track)%00%(upstream:remotename)%00%(upstream:remoteref) refs/heads/Hypr-Config-3.0 refs/remotes/Hypr-Config-3.0 [1ms]
2024-12-26 18:12:48.743 [warning] [Git][revParse] Unable to read file: ENOENT: no such file or directory, open '/home/subinoy/.config/.git/refs/remotes/origin/Hypr-Config-3.0'
2024-12-26 18:12:48.743 [info] > git rev-parse refs/remotes/origin/Hypr-Config-3.0 [0ms]
2024-12-26 18:12:48.771 [info] > git for-each-ref --sort -committerdate --format %(refname) %(objectname) %(*objectname) [1ms]
2024-12-26 18:12:48.791 [info] > git status -z -uall [34ms]
2024-12-26 18:12:53.824 [info] > git config --get commit.template [13ms]
2024-12-26 18:12:53.825 [info] > git for-each-ref --format=%(refname)%00%(upstream:short)%00%(objectname)%00%(upstream:track)%00%(upstream:remotename)%00%(upstream:remoteref) refs/heads/Hypr-Config-3.0 refs/remotes/Hypr-Config-3.0 [1ms]
2024-12-26 18:12:53.839 [warning] [Git][revParse] Unable to read file: ENOENT: no such file or directory, open '/home/subinoy/.config/.git/refs/remotes/origin/Hypr-Config-3.0'
2024-12-26 18:12:53.839 [info] > git rev-parse refs/remotes/origin/Hypr-Config-3.0 [0ms]
2024-12-26 18:12:53.867 [info] > git for-each-ref --sort -committerdate --format %(refname) %(objectname) %(*objectname) [1ms]
2024-12-26 18:12:53.887 [info] > git status -z -uall [35ms]
2024-12-26 18:12:58.908 [info] > git config --get commit.template [1ms]
2024-12-26 18:12:58.923 [info] > git for-each-ref --format=%(refname)%00%(upstream:short)%00%(objectname)%00%(upstream:track)%00%(upstream:remotename)%00%(upstream:remoteref) refs/heads/Hypr-Config-3.0 refs/remotes/Hypr-Config-3.0 [1ms]
2024-12-26 18:12:58.937 [warning] [Git][revParse] Unable to read file: ENOENT: no such file or directory, open '/home/subinoy/.config/.git/refs/remotes/origin/Hypr-Config-3.0'
2024-12-26 18:12:58.937 [info] > git rev-parse refs/remotes/origin/Hypr-Config-3.0 [1ms]
2024-12-26 18:12:58.966 [info] > git for-each-ref --sort -committerdate --format %(refname) %(objectname) %(*objectname) [2ms]
2024-12-26 18:12:58.985 [info] > git status -z -uall [34ms]
2024-12-26 18:13:04.020 [info] > git config --get commit.template [16ms]
2024-12-26 18:13:04.021 [info] > git for-each-ref --format=%(refname)%00%(upstream:short)%00%(objectname)%00%(upstream:track)%00%(upstream:remotename)%00%(upstream:remoteref) refs/heads/Hypr-Config-3.0 refs/remotes/Hypr-Config-3.0 [1ms]
2024-12-26 18:13:04.036 [warning] [Git][revParse] Unable to read file: ENOENT: no such file or directory, open '/home/subinoy/.config/.git/refs/remotes/origin/Hypr-Config-3.0'
2024-12-26 18:13:04.038 [info] > git rev-parse refs/remotes/origin/Hypr-Config-3.0 [2ms]
2024-12-26 18:13:04.089 [info] > git for-each-ref --sort -committerdate --format %(refname) %(objectname) %(*objectname) [5ms]
2024-12-26 18:13:04.104 [info] > git status -z -uall [50ms]
2024-12-26 18:13:09.137 [info] > git config --get commit.template [15ms]
2024-12-26 18:13:09.138 [info] > git for-each-ref --format=%(refname)%00%(upstream:short)%00%(objectname)%00%(upstream:track)%00%(upstream:remotename)%00%(upstream:remoteref) refs/heads/Hypr-Config-3.0 refs/remotes/Hypr-Config-3.0 [2ms]
2024-12-26 18:13:09.153 [warning] [Git][revParse] Unable to read file: ENOENT: no such file or directory, open '/home/subinoy/.config/.git/refs/remotes/origin/Hypr-Config-3.0'
2024-12-26 18:13:09.154 [info] > git rev-parse refs/remotes/origin/Hypr-Config-3.0 [1ms]
2024-12-26 18:13:09.186 [info] > git for-each-ref --sort -committerdate --format %(refname) %(objectname) %(*objectname) [2ms]
2024-12-26 18:13:09.205 [info] > git status -z -uall [36ms]
2024-12-26 18:13:14.241 [info] > git config --get commit.template [13ms]
2024-12-26 18:13:14.242 [info] > git for-each-ref --format=%(refname)%00%(upstream:short)%00%(objectname)%00%(upstream:track)%00%(upstream:remotename)%00%(upstream:remoteref) refs/heads/Hypr-Config-3.0 refs/remotes/Hypr-Config-3.0 [1ms]
2024-12-26 18:13:14.254 [warning] [Git][revParse] Unable to read file: ENOENT: no such file or directory, open '/home/subinoy/.config/.git/refs/remotes/origin/Hypr-Config-3.0'
2024-12-26 18:13:14.255 [info] > git rev-parse refs/remotes/origin/Hypr-Config-3.0 [1ms]
2024-12-26 18:13:14.285 [info] > git for-each-ref --sort -committerdate --format %(refname) %(objectname) %(*objectname) [1ms]
2024-12-26 18:13:14.304 [info] > git status -z -uall [36ms]
2024-12-26 18:13:19.349 [info] > git config --get commit.template [18ms]
2024-12-26 18:13:19.349 [info] > git for-each-ref --format=%(refname)%00%(upstream:short)%00%(objectname)%00%(upstream:track)%00%(upstream:remotename)%00%(upstream:remoteref) refs/heads/Hypr-Config-3.0 refs/remotes/Hypr-Config-3.0 [1ms]
2024-12-26 18:13:19.366 [warning] [Git][revParse] Unable to read file: ENOENT: no such file or directory, open '/home/subinoy/.config/.git/refs/remotes/origin/Hypr-Config-3.0'
2024-12-26 18:13:19.367 [info] > git rev-parse refs/remotes/origin/Hypr-Config-3.0 [1ms]
2024-12-26 18:13:19.404 [info] > git for-each-ref --sort -committerdate --format %(refname) %(objectname) %(*objectname) [1ms]
2024-12-26 18:13:19.421 [info] > git status -z -uall [37ms]
2024-12-26 18:13:24.445 [info] > git config --get commit.template [1ms]
2024-12-26 18:13:24.460 [info] > git for-each-ref --format=%(refname)%00%(upstream:short)%00%(objectname)%00%(upstream:track)%00%(upstream:remotename)%00%(upstream:remoteref) refs/heads/Hypr-Config-3.0 refs/remotes/Hypr-Config-3.0 [1ms]
2024-12-26 18:13:24.476 [warning] [Git][revParse] Unable to read file: ENOENT: no such file or directory, open '/home/subinoy/.config/.git/refs/remotes/origin/Hypr-Config-3.0'
2024-12-26 18:13:24.477 [info] > git rev-parse refs/remotes/origin/Hypr-Config-3.0 [1ms]
2024-12-26 18:13:24.505 [info] > git for-each-ref --sort -committerdate --format %(refname) %(objectname) %(*objectname) [1ms]
2024-12-26 18:13:24.525 [info] > git status -z -uall [35ms]
2024-12-26 18:13:29.548 [info] > git config --get commit.template [1ms]
2024-12-26 18:13:29.563 [info] > git for-each-ref --format=%(refname)%00%(upstream:short)%00%(objectname)%00%(upstream:track)%00%(upstream:remotename)%00%(upstream:remoteref) refs/heads/Hypr-Config-3.0 refs/remotes/Hypr-Config-3.0 [1ms]
2024-12-26 18:13:29.577 [warning] [Git][revParse] Unable to read file: ENOENT: no such file or directory, open '/home/subinoy/.config/.git/refs/remotes/origin/Hypr-Config-3.0'
2024-12-26 18:13:29.577 [info] > git rev-parse refs/remotes/origin/Hypr-Config-3.0 [0ms]
2024-12-26 18:13:29.604 [info] > git for-each-ref --sort -committerdate --format %(refname) %(objectname) %(*objectname) [1ms]
2024-12-26 18:13:29.624 [info] > git status -z -uall [34ms]
