2024-12-26 18:11:04.621 [info] Reading sessions from keychain...
2024-12-26 18:11:04.621 [info] Getting sessions for all scopes...
2024-12-26 18:11:04.621 [info] Getting sessions for all scopes...
2024-12-26 18:11:04.621 [info] Got stored sessions!
2024-12-26 18:11:04.621 [info] Got 1 verified sessions.
2024-12-26 18:11:04.621 [info] Got 1 sessions for ...
2024-12-26 18:11:04.621 [info] Got 1 sessions for ...
2024-12-26 18:11:04.621 [info] Getting sessions for all scopes...
2024-12-26 18:11:04.621 [info] Got 1 sessions for ...
2024-12-26 18:11:04.621 [info] Getting sessions for all scopes...
2024-12-26 18:11:04.621 [info] Got 1 sessions for ...
2024-12-26 18:11:04.621 [info] Getting sessions for all scopes...
2024-12-26 18:11:04.621 [info] Got 1 sessions for ...
2024-12-26 18:11:04.621 [info] Getting sessions for all scopes...
2024-12-26 18:11:04.621 [info] Got 1 sessions for ...
2024-12-26 18:11:04.621 [info] Getting sessions for all scopes...
2024-12-26 18:11:04.621 [info] Got 1 sessions for ...
2024-12-26 18:11:04.760 [info] Getting sessions for all scopes...
2024-12-26 18:11:04.760 [info] Got 1 sessions for ...
2024-12-26 18:11:05.917 [info] Getting sessions for read:user,repo,user:email,workflow...
2024-12-26 18:11:05.917 [info] Got 0 sessions for read:user,repo,user:email,workflow...
2024-12-26 18:11:05.917 [info] Getting sessions for all scopes...
2024-12-26 18:11:05.917 [info] Got 1 sessions for ...
2024-12-26 18:11:05.917 [info] Getting sessions for all scopes...
2024-12-26 18:11:05.917 [info] Got 1 sessions for ...
2024-12-26 18:11:06.023 [info] Getting sessions for read:user...
2024-12-26 18:11:06.023 [info] Got 0 sessions for read:user...
2024-12-26 18:11:06.023 [info] Getting sessions for read:user,repo,user:email,workflow...
2024-12-26 18:11:06.023 [info] Got 0 sessions for read:user,repo,user:email,workflow...
2024-12-26 18:11:06.066 [info] Getting sessions for user:email...
2024-12-26 18:11:06.066 [info] Got 1 sessions for user:email...
2024-12-26 18:11:06.066 [info] Getting sessions for user:email...
2024-12-26 18:11:06.066 [info] Got 1 sessions for user:email...
2024-12-26 18:11:06.095 [info] Getting sessions for all scopes...
2024-12-26 18:11:06.095 [info] Got 1 sessions for ...
2024-12-26 18:11:07.035 [info] Getting sessions for all scopes...
2024-12-26 18:11:07.035 [info] Got 1 sessions for ...
2024-12-26 18:11:07.065 [info] Getting sessions for read:user,repo,user:email,workflow...
2024-12-26 18:11:07.065 [info] Got 0 sessions for read:user,repo,user:email,workflow...
2024-12-26 18:11:07.096 [info] Getting sessions for read:user,repo,user:email,workflow...
2024-12-26 18:11:07.096 [info] Got 0 sessions for read:user,repo,user:email,workflow...
2024-12-26 18:11:07.225 [info] Getting sessions for user:email...
2024-12-26 18:11:07.225 [info] Got 1 sessions for user:email...
2024-12-26 18:11:07.425 [info] Getting sessions for all scopes...
2024-12-26 18:11:07.425 [info] Got 1 sessions for ...
2024-12-26 18:11:07.639 [info] Getting sessions for read:user,repo,user:email,workflow...
2024-12-26 18:11:07.639 [info] Got 0 sessions for read:user,repo,user:email,workflow...
2024-12-26 18:11:07.682 [info] Getting sessions for read:user,repo,user:email,workflow...
2024-12-26 18:11:07.682 [info] Got 0 sessions for read:user,repo,user:email,workflow...
2024-12-26 18:11:07.845 [info] Getting sessions for user:email...
2024-12-26 18:11:07.845 [info] Got 1 sessions for user:email...
2024-12-26 18:11:07.880 [info] Getting sessions for all scopes...
2024-12-26 18:11:07.881 [info] Got 1 sessions for ...
2024-12-26 18:11:07.987 [info] Getting sessions for read:user,repo,user:email,workflow...
2024-12-26 18:11:07.987 [info] Got 0 sessions for read:user,repo,user:email,workflow...
2024-12-26 18:11:08.053 [info] Getting sessions for read:user,repo,user:email,workflow...
2024-12-26 18:11:08.053 [info] Got 0 sessions for read:user,repo,user:email,workflow...
2024-12-26 18:11:08.161 [info] Getting sessions for all scopes...
2024-12-26 18:11:08.161 [info] Got 1 sessions for ...
2024-12-26 18:11:08.259 [info] Getting sessions for all scopes...
2024-12-26 18:11:08.260 [info] Got 1 sessions for ...
2024-12-26 18:11:08.330 [info] Getting sessions for read:user,repo,user:email,workflow...
2024-12-26 18:11:08.330 [info] Got 0 sessions for read:user,repo,user:email,workflow...
2024-12-26 18:11:08.520 [info] Getting sessions for read:user,repo,user:email,workflow...
2024-12-26 18:11:08.520 [info] Got 0 sessions for read:user,repo,user:email,workflow...
2024-12-26 18:11:08.520 [info] Getting sessions for user:email...
2024-12-26 18:11:08.520 [info] Got 1 sessions for user:email...
2024-12-26 18:11:08.796 [info] Getting sessions for all scopes...
2024-12-26 18:11:08.796 [info] Got 1 sessions for ...
2024-12-26 18:11:09.028 [info] Getting sessions for read:user,repo,user:email,workflow...
2024-12-26 18:11:09.028 [info] Got 0 sessions for read:user,repo,user:email,workflow...
2024-12-26 18:11:09.028 [info] Getting sessions for read:user,repo,user:email,workflow...
2024-12-26 18:11:09.028 [info] Got 0 sessions for read:user,repo,user:email,workflow...
2024-12-26 18:11:09.201 [info] Getting sessions for read:user,repo,user:email,workflow...
2024-12-26 18:11:09.201 [info] Got 0 sessions for read:user,repo,user:email,workflow...
2024-12-26 18:11:09.364 [info] Getting sessions for all scopes...
2024-12-26 18:11:09.364 [info] Got 1 sessions for ...
2024-12-26 18:11:09.460 [info] Getting sessions for read:user,repo,user:email,workflow...
2024-12-26 18:11:09.460 [info] Got 0 sessions for read:user,repo,user:email,workflow...
2024-12-26 18:11:09.460 [info] Getting sessions for read:user...
2024-12-26 18:11:09.460 [info] Got 0 sessions for read:user...
2024-12-26 18:11:09.520 [info] Getting sessions for all scopes...
2024-12-26 18:11:09.520 [info] Got 1 sessions for ...
2024-12-26 18:11:09.617 [info] Getting sessions for read:user,repo,user:email,workflow...
2024-12-26 18:11:09.617 [info] Got 0 sessions for read:user,repo,user:email,workflow...
2024-12-26 18:11:09.751 [info] Getting sessions for user:email...
2024-12-26 18:11:09.751 [info] Got 1 sessions for user:email...
2024-12-26 18:11:09.788 [info] Getting sessions for user:email...
2024-12-26 18:11:09.788 [info] Got 1 sessions for user:email...
2024-12-26 18:11:09.834 [info] Getting sessions for all scopes...
2024-12-26 18:11:09.834 [info] Got 1 sessions for ...
2024-12-26 18:11:09.864 [info] Getting sessions for all scopes...
2024-12-26 18:11:09.864 [info] Got 1 sessions for ...
2024-12-26 18:11:09.868 [info] Getting sessions for read:user,repo,user:email,workflow...
2024-12-26 18:11:09.868 [info] Got 0 sessions for read:user,repo,user:email,workflow...
2024-12-26 18:11:09.869 [info] Getting sessions for user:email...
2024-12-26 18:11:09.869 [info] Got 1 sessions for user:email...
2024-12-26 18:11:09.904 [info] Getting sessions for all scopes...
2024-12-26 18:11:09.904 [info] Got 1 sessions for ...
2024-12-26 18:11:09.909 [info] Getting sessions for read:user,repo,user:email,workflow...
2024-12-26 18:11:09.909 [info] Got 0 sessions for read:user,repo,user:email,workflow...
2024-12-26 18:11:09.910 [info] Getting sessions for user:email...
2024-12-26 18:11:09.910 [info] Got 1 sessions for user:email...
2024-12-26 18:11:11.234 [info] Getting sessions for all scopes...
2024-12-26 18:11:11.234 [info] Got 1 sessions for ...
2024-12-26 18:11:11.235 [info] Getting sessions for read:user,repo,user:email,workflow...
2024-12-26 18:11:11.235 [info] Got 0 sessions for read:user,repo,user:email,workflow...
2024-12-26 18:11:11.236 [info] Getting sessions for user:email...
2024-12-26 18:11:11.236 [info] Got 1 sessions for user:email...
