2024-12-26 18:14:01.474 [info] Reading sessions from keychain...
2024-12-26 18:14:01.474 [info] Getting sessions for all scopes...
2024-12-26 18:14:01.474 [info] Getting sessions for all scopes...
2024-12-26 18:14:01.474 [info] Getting sessions for all scopes...
2024-12-26 18:14:01.474 [info] Getting sessions for all scopes...
2024-12-26 18:14:01.474 [info] Getting sessions for all scopes...
2024-12-26 18:14:01.474 [info] Getting sessions for all scopes...
2024-12-26 18:14:01.474 [info] Getting sessions for all scopes...
2024-12-26 18:14:01.474 [info] Got stored sessions!
2024-12-26 18:14:01.474 [info] Got 1 verified sessions.
2024-12-26 18:14:01.474 [info] Got 1 sessions for ...
2024-12-26 18:14:01.474 [info] Got 1 sessions for ...
2024-12-26 18:14:01.474 [info] Got 1 sessions for ...
2024-12-26 18:14:01.474 [info] Got 1 sessions for ...
2024-12-26 18:14:01.474 [info] Got 1 sessions for ...
2024-12-26 18:14:01.474 [info] Got 1 sessions for ...
2024-12-26 18:14:01.474 [info] Got 1 sessions for ...
2024-12-26 18:14:01.632 [info] Getting sessions for all scopes...
2024-12-26 18:14:01.632 [info] Got 1 sessions for ...
2024-12-26 18:14:02.730 [info] Getting sessions for read:user,repo,user:email,workflow...
2024-12-26 18:14:02.730 [info] Got 0 sessions for read:user,repo,user:email,workflow...
2024-12-26 18:14:02.731 [info] Getting sessions for all scopes...
2024-12-26 18:14:02.731 [info] Got 1 sessions for ...
2024-12-26 18:14:02.731 [info] Getting sessions for all scopes...
2024-12-26 18:14:02.731 [info] Got 1 sessions for ...
2024-12-26 18:14:02.803 [info] Getting sessions for read:user...
2024-12-26 18:14:02.803 [info] Got 0 sessions for read:user...
2024-12-26 18:14:02.803 [info] Getting sessions for read:user,repo,user:email,workflow...
2024-12-26 18:14:02.803 [info] Got 0 sessions for read:user,repo,user:email,workflow...
2024-12-26 18:14:02.916 [info] Getting sessions for user:email...
2024-12-26 18:14:02.916 [info] Got 1 sessions for user:email...
2024-12-26 18:14:02.916 [info] Getting sessions for user:email...
2024-12-26 18:14:02.917 [info] Got 1 sessions for user:email...
2024-12-26 18:14:02.932 [info] Getting sessions for all scopes...
2024-12-26 18:14:02.932 [info] Got 1 sessions for ...
2024-12-26 18:14:03.021 [info] Getting sessions for read:user,repo,user:email,workflow...
2024-12-26 18:14:03.021 [info] Got 0 sessions for read:user,repo,user:email,workflow...
2024-12-26 18:14:03.964 [info] Getting sessions for read:user,repo,user:email,workflow...
2024-12-26 18:14:03.964 [info] Got 0 sessions for read:user,repo,user:email,workflow...
2024-12-26 18:14:03.982 [info] Getting sessions for all scopes...
2024-12-26 18:14:03.982 [info] Got 1 sessions for ...
2024-12-26 18:14:04.057 [info] Getting sessions for user:email...
2024-12-26 18:14:04.057 [info] Got 1 sessions for user:email...
2024-12-26 18:14:04.130 [info] Getting sessions for all scopes...
2024-12-26 18:14:04.130 [info] Got 1 sessions for ...
2024-12-26 18:14:04.291 [info] Getting sessions for all scopes...
2024-12-26 18:14:04.291 [info] Got 1 sessions for ...
2024-12-26 18:14:04.341 [info] Getting sessions for read:user,repo,user:email,workflow...
2024-12-26 18:14:04.341 [info] Got 0 sessions for read:user,repo,user:email,workflow...
2024-12-26 18:14:04.341 [info] Getting sessions for read:user,repo,user:email,workflow...
2024-12-26 18:14:04.341 [info] Got 0 sessions for read:user,repo,user:email,workflow...
2024-12-26 18:14:04.675 [info] Getting sessions for user:email...
2024-12-26 18:14:04.675 [info] Got 1 sessions for user:email...
2024-12-26 18:14:04.696 [info] Getting sessions for all scopes...
2024-12-26 18:14:04.697 [info] Got 1 sessions for ...
2024-12-26 18:14:04.697 [info] Getting sessions for read:user,repo,user:email,workflow...
2024-12-26 18:14:04.697 [info] Got 0 sessions for read:user,repo,user:email,workflow...
2024-12-26 18:14:04.845 [info] Getting sessions for read:user,repo,user:email,workflow...
2024-12-26 18:14:04.845 [info] Got 0 sessions for read:user,repo,user:email,workflow...
2024-12-26 18:14:04.935 [info] Getting sessions for all scopes...
2024-12-26 18:14:04.935 [info] Got 1 sessions for ...
2024-12-26 18:14:04.999 [info] Getting sessions for all scopes...
2024-12-26 18:14:04.999 [info] Got 1 sessions for ...
2024-12-26 18:14:05.059 [info] Getting sessions for read:user,repo,user:email,workflow...
2024-12-26 18:14:05.059 [info] Got 0 sessions for read:user,repo,user:email,workflow...
2024-12-26 18:14:05.086 [info] Getting sessions for read:user,repo,user:email,workflow...
2024-12-26 18:14:05.086 [info] Got 0 sessions for read:user,repo,user:email,workflow...
2024-12-26 18:14:05.199 [info] Getting sessions for user:email...
2024-12-26 18:14:05.199 [info] Got 1 sessions for user:email...
2024-12-26 18:14:05.322 [info] Getting sessions for all scopes...
2024-12-26 18:14:05.322 [info] Got 1 sessions for ...
2024-12-26 18:14:05.484 [info] Getting sessions for read:user,repo,user:email,workflow...
2024-12-26 18:14:05.484 [info] Got 0 sessions for read:user,repo,user:email,workflow...
2024-12-26 18:14:05.510 [info] Getting sessions for read:user,repo,user:email,workflow...
2024-12-26 18:14:05.510 [info] Got 0 sessions for read:user,repo,user:email,workflow...
2024-12-26 18:14:05.721 [info] Getting sessions for all scopes...
2024-12-26 18:14:05.721 [info] Got 1 sessions for ...
2024-12-26 18:14:05.833 [info] Getting sessions for read:user,repo,user:email,workflow...
2024-12-26 18:14:05.833 [info] Got 0 sessions for read:user,repo,user:email,workflow...
2024-12-26 18:14:05.903 [info] Getting sessions for all scopes...
2024-12-26 18:14:05.903 [info] Got 1 sessions for ...
2024-12-26 18:14:06.020 [info] Getting sessions for read:user,repo,user:email,workflow...
2024-12-26 18:14:06.020 [info] Got 0 sessions for read:user,repo,user:email,workflow...
2024-12-26 18:14:06.097 [info] Getting sessions for read:user,repo,user:email,workflow...
2024-12-26 18:14:06.097 [info] Got 0 sessions for read:user,repo,user:email,workflow...
2024-12-26 18:14:06.209 [info] Getting sessions for user:email...
2024-12-26 18:14:06.209 [info] Got 1 sessions for user:email...
2024-12-26 18:14:06.209 [info] Getting sessions for all scopes...
2024-12-26 18:14:06.209 [info] Got 1 sessions for ...
2024-12-26 18:14:06.252 [info] Getting sessions for read:user...
2024-12-26 18:14:06.252 [info] Got 0 sessions for read:user...
2024-12-26 18:14:06.300 [info] Getting sessions for all scopes...
2024-12-26 18:14:06.300 [info] Got 1 sessions for ...
2024-12-26 18:14:06.301 [info] Getting sessions for read:user,repo,user:email,workflow...
2024-12-26 18:14:06.301 [info] Got 0 sessions for read:user,repo,user:email,workflow...
2024-12-26 18:14:06.328 [info] Getting sessions for user:email...
2024-12-26 18:14:06.328 [info] Got 1 sessions for user:email...
2024-12-26 18:14:06.350 [info] Getting sessions for user:email...
2024-12-26 18:14:06.350 [info] Got 1 sessions for user:email...
2024-12-26 18:14:06.387 [info] Getting sessions for all scopes...
2024-12-26 18:14:06.387 [info] Got 1 sessions for ...
2024-12-26 18:14:06.388 [info] Getting sessions for read:user,repo,user:email,workflow...
2024-12-26 18:14:06.388 [info] Got 0 sessions for read:user,repo,user:email,workflow...
2024-12-26 18:14:06.389 [info] Getting sessions for user:email...
2024-12-26 18:14:06.389 [info] Got 1 sessions for user:email...
2024-12-26 18:14:07.646 [info] Getting sessions for all scopes...
2024-12-26 18:14:07.646 [info] Got 1 sessions for ...
2024-12-26 18:14:07.647 [info] Getting sessions for read:user,repo,user:email,workflow...
2024-12-26 18:14:07.647 [info] Got 0 sessions for read:user,repo,user:email,workflow...
2024-12-26 18:14:07.647 [info] Getting sessions for user:email...
2024-12-26 18:14:07.647 [info] Got 1 sessions for user:email...
2024-12-26 18:29:07.650 [info] Getting sessions for all scopes...
2024-12-26 18:29:07.650 [info] Got 1 sessions for ...
2024-12-26 18:29:07.651 [info] Getting sessions for read:user,repo,user:email,workflow...
2024-12-26 18:29:07.651 [info] Got 0 sessions for read:user,repo,user:email,workflow...
2024-12-26 18:29:07.652 [info] Getting sessions for user:email...
2024-12-26 18:29:07.652 [info] Got 1 sessions for user:email...
2024-12-26 18:29:07.653 [info] Getting sessions for all scopes...
2024-12-26 18:29:07.653 [info] Got 1 sessions for ...
2024-12-26 18:29:07.654 [info] Getting sessions for read:user,repo,user:email,workflow...
2024-12-26 18:29:07.654 [info] Got 0 sessions for read:user,repo,user:email,workflow...
2024-12-26 18:29:07.655 [info] Getting sessions for user:email...
2024-12-26 18:29:07.655 [info] Got 1 sessions for user:email...
2024-12-26 18:39:04.732 [info] Getting sessions for read:user,repo,user:email,workflow...
2024-12-26 18:39:04.732 [info] Got 0 sessions for read:user,repo,user:email,workflow...
2024-12-26 18:39:04.732 [info] Getting sessions for read:user...
2024-12-26 18:39:04.732 [info] Got 0 sessions for read:user...
2024-12-26 18:39:04.733 [info] Getting sessions for user:email...
2024-12-26 18:39:04.733 [info] Got 1 sessions for user:email...
2024-12-26 18:39:05.650 [info] Getting sessions for all scopes...
2024-12-26 18:39:05.650 [info] Got 1 sessions for ...
2024-12-26 18:39:05.651 [info] Getting sessions for read:user,repo,user:email,workflow...
2024-12-26 18:39:05.651 [info] Got 0 sessions for read:user,repo,user:email,workflow...
2024-12-26 18:39:05.651 [info] Getting sessions for user:email...
2024-12-26 18:39:05.651 [info] Got 1 sessions for user:email...
2024-12-26 18:39:06.665 [info] Getting sessions for all scopes...
2024-12-26 18:39:06.665 [info] Got 1 sessions for ...
2024-12-26 18:39:06.665 [info] Getting sessions for all scopes...
2024-12-26 18:39:06.665 [info] Got 1 sessions for ...
2024-12-26 18:39:06.665 [info] Getting sessions for read:user,repo,user:email,workflow...
2024-12-26 18:39:06.665 [info] Got 0 sessions for read:user,repo,user:email,workflow...
2024-12-26 18:39:06.666 [info] Getting sessions for user:email...
2024-12-26 18:39:06.666 [info] Got 1 sessions for user:email...
2024-12-26 18:39:06.667 [info] Getting sessions for all scopes...
2024-12-26 18:39:06.667 [info] Got 1 sessions for ...
2024-12-26 18:39:06.667 [info] Getting sessions for read:user,repo,user:email,workflow...
2024-12-26 18:39:06.667 [info] Got 0 sessions for read:user,repo,user:email,workflow...
2024-12-26 18:39:06.668 [info] Getting sessions for user:email...
2024-12-26 18:39:06.668 [info] Got 1 sessions for user:email...
2024-12-26 18:39:06.673 [info] Getting sessions for all scopes...
2024-12-26 18:39:06.673 [info] Got 1 sessions for ...
2024-12-26 18:39:06.674 [info] Getting sessions for read:user,repo,user:email,workflow...
2024-12-26 18:39:06.674 [info] Got 0 sessions for read:user,repo,user:email,workflow...
2024-12-26 18:39:06.675 [info] Getting sessions for user:email...
2024-12-26 18:39:06.675 [info] Got 1 sessions for user:email...
2024-12-26 18:39:27.621 [info] Getting sessions for all scopes...
2024-12-26 18:39:27.621 [info] Got 1 sessions for ...
2024-12-26 18:39:27.621 [info] Getting sessions for read:user,repo,user:email,workflow...
2024-12-26 18:39:27.621 [info] Got 0 sessions for read:user,repo,user:email,workflow...
2024-12-26 18:39:27.622 [info] Getting sessions for user:email...
2024-12-26 18:39:27.622 [info] Got 1 sessions for user:email...
2024-12-26 18:39:28.771 [info] Getting sessions for all scopes...
2024-12-26 18:39:28.771 [info] Got 1 sessions for ...
2024-12-26 18:39:28.772 [info] Getting sessions for read:user,repo,user:email,workflow...
2024-12-26 18:39:28.772 [info] Got 0 sessions for read:user,repo,user:email,workflow...
2024-12-26 18:39:28.772 [info] Getting sessions for user:email...
2024-12-26 18:39:28.772 [info] Got 1 sessions for user:email...
2024-12-26 18:39:29.463 [info] Getting sessions for all scopes...
2024-12-26 18:39:29.463 [info] Got 1 sessions for ...
2024-12-26 18:39:29.464 [info] Getting sessions for read:user,repo,user:email,workflow...
2024-12-26 18:39:29.464 [info] Got 0 sessions for read:user,repo,user:email,workflow...
2024-12-26 18:39:29.464 [info] Getting sessions for user:email...
2024-12-26 18:39:29.464 [info] Got 1 sessions for user:email...
2024-12-26 18:39:31.023 [info] Getting sessions for all scopes...
2024-12-26 18:39:31.023 [info] Got 1 sessions for ...
2024-12-26 18:39:31.024 [info] Getting sessions for read:user,repo,user:email,workflow...
2024-12-26 18:39:31.024 [info] Got 0 sessions for read:user,repo,user:email,workflow...
2024-12-26 18:39:31.025 [info] Getting sessions for user:email...
2024-12-26 18:39:31.025 [info] Got 1 sessions for user:email...
2024-12-26 18:54:06.677 [info] Getting sessions for all scopes...
2024-12-26 18:54:06.677 [info] Got 1 sessions for ...
2024-12-26 18:54:06.678 [info] Getting sessions for read:user,repo,user:email,workflow...
2024-12-26 18:54:06.678 [info] Got 0 sessions for read:user,repo,user:email,workflow...
2024-12-26 18:54:06.678 [info] Getting sessions for user:email...
2024-12-26 18:54:06.678 [info] Got 1 sessions for user:email...
2024-12-26 18:54:06.679 [info] Getting sessions for all scopes...
2024-12-26 18:54:06.679 [info] Got 1 sessions for ...
2024-12-26 18:54:06.680 [info] Getting sessions for read:user,repo,user:email,workflow...
2024-12-26 18:54:06.680 [info] Got 0 sessions for read:user,repo,user:email,workflow...
2024-12-26 18:54:06.680 [info] Getting sessions for user:email...
2024-12-26 18:54:06.680 [info] Got 1 sessions for user:email...
