2024-12-26 17:06:58.566 [info] Reading sessions from keychain...
2024-12-26 17:06:58.566 [info] Getting sessions for all scopes...
2024-12-26 17:06:58.566 [info] Getting sessions for all scopes...
2024-12-26 17:06:58.566 [info] Got 0 sessions for ...
2024-12-26 17:06:58.566 [info] Got 0 sessions for ...
2024-12-26 17:06:58.621 [info] Getting sessions for all scopes...
2024-12-26 17:06:58.621 [info] Got 0 sessions for ...
2024-12-26 17:06:58.621 [info] Getting sessions for all scopes...
2024-12-26 17:06:58.621 [info] Got 0 sessions for ...
2024-12-26 17:06:58.621 [info] Getting sessions for all scopes...
2024-12-26 17:06:58.621 [info] Got 0 sessions for ...
2024-12-26 17:06:58.621 [info] Getting sessions for all scopes...
2024-12-26 17:06:58.621 [info] Got 0 sessions for ...
2024-12-26 17:06:58.621 [info] Getting sessions for all scopes...
2024-12-26 17:06:58.621 [info] Got 0 sessions for ...
2024-12-26 17:06:59.007 [info] Getting sessions for read:user,repo,user:email,workflow...
2024-12-26 17:06:59.007 [info] Got 0 sessions for read:user,repo,user:email,workflow...
2024-12-26 17:07:00.569 [info] Getting sessions for all scopes...
2024-12-26 17:07:00.569 [info] Got 0 sessions for ...
2024-12-26 17:07:48.819 [info] Getting sessions for all scopes...
2024-12-26 17:07:48.819 [info] Got 0 sessions for ...
2024-12-26 17:07:48.820 [info] Getting sessions for all scopes...
2024-12-26 17:07:48.820 [info] Got 0 sessions for ...
2024-12-26 17:07:48.821 [info] Getting sessions for read:user,repo,user:email,workflow...
2024-12-26 17:07:48.821 [info] Got 0 sessions for read:user,repo,user:email,workflow...
2024-12-26 17:07:48.847 [info] Getting sessions for user:email...
2024-12-26 17:07:48.847 [info] Got 0 sessions for user:email...
2024-12-26 17:07:48.871 [info] Getting sessions for read:user,repo,user:email,workflow...
2024-12-26 17:07:48.871 [info] Got 0 sessions for read:user,repo,user:email,workflow...
2024-12-26 17:07:48.872 [info] Getting sessions for read:user...
2024-12-26 17:07:48.872 [info] Got 0 sessions for read:user...
2024-12-26 17:07:48.873 [info] Getting sessions for all scopes...
2024-12-26 17:07:48.874 [info] Got 0 sessions for ...
2024-12-26 17:07:48.874 [info] Getting sessions for user:email...
2024-12-26 17:07:48.874 [info] Got 0 sessions for user:email...
2024-12-26 17:07:49.721 [info] Getting sessions for user:email...
2024-12-26 17:07:49.721 [info] Got 0 sessions for user:email...
2024-12-26 17:07:49.721 [info] Getting sessions for read:user,repo,user:email,workflow...
2024-12-26 17:07:49.721 [info] Got 0 sessions for read:user,repo,user:email,workflow...
2024-12-26 17:07:49.734 [info] Getting sessions for all scopes...
2024-12-26 17:07:49.734 [info] Got 0 sessions for ...
2024-12-26 17:07:49.734 [info] Getting sessions for read:user...
2024-12-26 17:07:49.734 [info] Got 0 sessions for read:user...
2024-12-26 17:07:49.735 [info] Getting sessions for user:email...
2024-12-26 17:07:49.735 [info] Got 0 sessions for user:email...
2024-12-26 17:07:49.735 [info] Getting sessions for user:email...
2024-12-26 17:07:49.735 [info] Got 0 sessions for user:email...
2024-12-26 17:07:50.166 [info] Getting sessions for all scopes...
2024-12-26 17:07:50.166 [info] Got 0 sessions for ...
2024-12-26 17:07:50.208 [info] Getting sessions for user:email...
2024-12-26 17:07:50.208 [info] Got 0 sessions for user:email...
2024-12-26 17:07:50.236 [info] Getting sessions for all scopes...
2024-12-26 17:07:50.236 [info] Got 0 sessions for ...
2024-12-26 17:07:50.237 [info] Getting sessions for user:email...
2024-12-26 17:07:50.237 [info] Got 0 sessions for user:email...
2024-12-26 17:07:50.292 [info] Getting sessions for all scopes...
2024-12-26 17:07:50.292 [info] Got 0 sessions for ...
2024-12-26 17:07:50.296 [info] Getting sessions for read:user,repo,user:email,workflow...
2024-12-26 17:07:50.296 [info] Got 0 sessions for read:user,repo,user:email,workflow...
2024-12-26 17:07:50.297 [info] Getting sessions for all scopes...
2024-12-26 17:07:50.297 [info] Got 0 sessions for ...
2024-12-26 17:07:50.297 [info] Getting sessions for user:email...
2024-12-26 17:07:50.297 [info] Got 0 sessions for user:email...
2024-12-26 17:07:57.612 [info] Logging in with 'any' account...
2024-12-26 17:07:57.612 [info] Logging in for the following scopes: user:email
2024-12-26 17:07:57.625 [info] Trying without local server... (user:email)
2024-12-26 17:10:59.601 [info] Exchanging code for token...
2024-12-26 17:11:01.089 [info] Token exchange success!
2024-12-26 17:11:01.090 [info] Getting user info...
2024-12-26 17:11:02.676 [info] Got account info!
2024-12-26 17:11:02.676 [info] Storing 1 sessions...
2024-12-26 17:11:07.861 [info] Reading sessions from keychain...
2024-12-26 17:11:07.861 [info] Stored 1 sessions!
2024-12-26 17:11:07.861 [info] Login success!
2024-12-26 17:11:07.907 [info] Getting sessions for all scopes...
2024-12-26 17:11:07.908 [info] Got stored sessions!
2024-12-26 17:11:07.908 [info] Got 1 verified sessions.
2024-12-26 17:11:07.908 [info] Got 1 sessions for ...
2024-12-26 17:11:07.958 [info] Getting sessions for read:user,repo,user:email,workflow...
2024-12-26 17:11:07.958 [info] Got 0 sessions for read:user,repo,user:email,workflow...
2024-12-26 17:11:07.978 [info] Getting sessions for all scopes...
2024-12-26 17:11:07.978 [info] Got 1 sessions for ...
2024-12-26 17:11:07.979 [info] Getting sessions for all scopes...
2024-12-26 17:11:07.979 [info] Got 1 sessions for ...
2024-12-26 17:11:07.979 [info] Getting sessions for read:user,repo,user:email,workflow...
2024-12-26 17:11:07.979 [info] Got 0 sessions for read:user,repo,user:email,workflow...
2024-12-26 17:11:07.986 [info] Getting sessions for read:user,repo,user:email,workflow...
2024-12-26 17:11:07.986 [info] Got 0 sessions for read:user,repo,user:email,workflow...
2024-12-26 17:11:07.987 [info] Getting sessions for read:user...
2024-12-26 17:11:07.987 [info] Got 0 sessions for read:user...
2024-12-26 17:11:07.987 [info] Getting sessions for user:email...
2024-12-26 17:11:07.987 [info] Got 1 sessions for user:email...
2024-12-26 17:11:07.988 [info] Getting sessions for user:email...
2024-12-26 17:11:07.988 [info] Got 1 sessions for user:email...
2024-12-26 17:11:08.008 [info] Getting sessions for all scopes...
2024-12-26 17:11:08.008 [info] Got 1 sessions for ...
2024-12-26 17:11:08.009 [info] Getting sessions for read:user,repo,user:email,workflow...
2024-12-26 17:11:08.009 [info] Got 0 sessions for read:user,repo,user:email,workflow...
2024-12-26 17:11:08.009 [info] Getting sessions for user:email...
2024-12-26 17:11:08.009 [info] Got 1 sessions for user:email...
2024-12-26 17:11:08.010 [info] Getting sessions for all scopes...
2024-12-26 17:11:08.010 [info] Got 1 sessions for ...
2024-12-26 17:11:08.010 [info] Getting sessions for read:user,repo,user:email,workflow...
2024-12-26 17:11:08.011 [info] Got 0 sessions for read:user,repo,user:email,workflow...
2024-12-26 17:11:08.011 [info] Getting sessions for user:email...
2024-12-26 17:11:08.011 [info] Got 1 sessions for user:email...
2024-12-26 17:11:09.207 [info] Getting sessions for all scopes...
2024-12-26 17:11:09.207 [info] Got 1 sessions for ...
2024-12-26 17:11:09.207 [info] Getting sessions for all scopes...
2024-12-26 17:11:09.207 [info] Got 1 sessions for ...
2024-12-26 17:11:09.208 [info] Getting sessions for read:user,repo,user:email,workflow...
2024-12-26 17:11:09.208 [info] Got 0 sessions for read:user,repo,user:email,workflow...
2024-12-26 17:11:09.208 [info] Getting sessions for user:email...
2024-12-26 17:11:09.208 [info] Got 1 sessions for user:email...
2024-12-26 17:11:09.209 [info] Getting sessions for all scopes...
2024-12-26 17:11:09.209 [info] Got 1 sessions for ...
2024-12-26 17:11:09.209 [info] Getting sessions for read:user,repo,user:email,workflow...
2024-12-26 17:11:09.209 [info] Got 0 sessions for read:user,repo,user:email,workflow...
2024-12-26 17:11:09.210 [info] Getting sessions for user:email...
2024-12-26 17:11:09.210 [info] Got 1 sessions for user:email...
2024-12-26 17:11:09.257 [info] Getting sessions for all scopes...
2024-12-26 17:11:09.257 [info] Got 1 sessions for ...
2024-12-26 17:11:09.263 [info] Getting sessions for read:user,repo,user:email,workflow...
2024-12-26 17:11:09.263 [info] Got 0 sessions for read:user,repo,user:email,workflow...
2024-12-26 17:11:09.264 [info] Getting sessions for user:email...
2024-12-26 17:11:09.264 [info] Got 1 sessions for user:email...
2024-12-26 17:11:09.281 [info] Getting sessions for all scopes...
2024-12-26 17:11:09.281 [info] Got 1 sessions for ...
2024-12-26 17:11:09.286 [info] Getting sessions for read:user,repo,user:email,workflow...
2024-12-26 17:11:09.286 [info] Got 0 sessions for read:user,repo,user:email,workflow...
2024-12-26 17:11:09.286 [info] Getting sessions for user:email...
2024-12-26 17:11:09.287 [info] Got 1 sessions for user:email...
2024-12-26 17:11:57.661 [info] Getting sessions for all scopes...
2024-12-26 17:11:57.661 [info] Got 1 sessions for ...
2024-12-26 17:11:57.662 [info] Getting sessions for read:user,repo,user:email,workflow...
2024-12-26 17:11:57.662 [info] Got 0 sessions for read:user,repo,user:email,workflow...
2024-12-26 17:11:57.662 [info] Getting sessions for user:email...
2024-12-26 17:11:57.662 [info] Got 1 sessions for user:email...
2024-12-26 17:11:58.520 [info] Getting sessions for all scopes...
2024-12-26 17:11:58.520 [info] Got 1 sessions for ...
2024-12-26 17:11:58.528 [info] Getting sessions for read:user,repo,user:email,workflow...
2024-12-26 17:11:58.528 [info] Got 0 sessions for read:user,repo,user:email,workflow...
2024-12-26 17:11:58.538 [info] Getting sessions for user:email...
2024-12-26 17:11:58.538 [info] Got 1 sessions for user:email...
2024-12-26 17:12:01.970 [info] Getting sessions for all scopes...
2024-12-26 17:12:01.970 [info] Got 1 sessions for ...
2024-12-26 17:12:01.978 [info] Getting sessions for read:user,repo,user:email,workflow...
2024-12-26 17:12:01.978 [info] Got 0 sessions for read:user,repo,user:email,workflow...
2024-12-26 17:12:01.982 [info] Getting sessions for user:email...
2024-12-26 17:12:01.982 [info] Got 1 sessions for user:email...
2024-12-26 17:12:02.474 [info] Getting sessions for all scopes...
2024-12-26 17:12:02.474 [info] Got 1 sessions for ...
2024-12-26 17:12:02.483 [info] Getting sessions for read:user,repo,user:email,workflow...
2024-12-26 17:12:02.483 [info] Got 0 sessions for read:user,repo,user:email,workflow...
2024-12-26 17:12:02.484 [info] Getting sessions for user:email...
2024-12-26 17:12:02.484 [info] Got 1 sessions for user:email...
2024-12-26 17:12:02.497 [info] Getting sessions for all scopes...
2024-12-26 17:12:02.497 [info] Got 1 sessions for ...
2024-12-26 17:12:02.498 [info] Getting sessions for read:user,repo,user:email,workflow...
2024-12-26 17:12:02.498 [info] Got 0 sessions for read:user,repo,user:email,workflow...
2024-12-26 17:12:02.498 [info] Getting sessions for user:email...
2024-12-26 17:12:02.498 [info] Got 1 sessions for user:email...
2024-12-26 17:12:55.101 [info] Getting sessions for all scopes...
2024-12-26 17:12:55.101 [info] Got 1 sessions for ...
2024-12-26 17:12:55.103 [info] Getting sessions for read:user,repo,user:email,workflow...
2024-12-26 17:12:55.103 [info] Got 0 sessions for read:user,repo,user:email,workflow...
2024-12-26 17:12:55.104 [info] Getting sessions for user:email...
2024-12-26 17:12:55.104 [info] Got 1 sessions for user:email...
2024-12-26 17:12:57.220 [info] Getting sessions for all scopes...
2024-12-26 17:12:57.220 [info] Got 1 sessions for ...
2024-12-26 17:12:57.223 [info] Getting sessions for read:user,repo,user:email,workflow...
2024-12-26 17:12:57.223 [info] Got 0 sessions for read:user,repo,user:email,workflow...
2024-12-26 17:12:57.235 [info] Getting sessions for user:email...
2024-12-26 17:12:57.235 [info] Got 1 sessions for user:email...
2024-12-26 17:13:00.645 [info] Getting sessions for all scopes...
2024-12-26 17:13:00.645 [info] Got 1 sessions for ...
2024-12-26 17:13:00.694 [info] Getting sessions for read:user,repo,user:email,workflow...
2024-12-26 17:13:00.694 [info] Got 0 sessions for read:user,repo,user:email,workflow...
2024-12-26 17:13:00.718 [info] Getting sessions for user:email...
2024-12-26 17:13:00.718 [info] Got 1 sessions for user:email...
2024-12-26 17:14:24.500 [info] Getting sessions for all scopes...
2024-12-26 17:14:24.500 [info] Got 1 sessions for ...
2024-12-26 17:14:24.502 [info] Getting sessions for read:user,repo,user:email,workflow...
2024-12-26 17:14:24.502 [info] Got 0 sessions for read:user,repo,user:email,workflow...
2024-12-26 17:14:24.502 [info] Getting sessions for user:email...
2024-12-26 17:14:24.502 [info] Got 1 sessions for user:email...
2024-12-26 17:14:26.558 [info] Getting sessions for all scopes...
2024-12-26 17:14:26.558 [info] Got 1 sessions for ...
2024-12-26 17:14:26.561 [info] Getting sessions for read:user,repo,user:email,workflow...
2024-12-26 17:14:26.561 [info] Got 0 sessions for read:user,repo,user:email,workflow...
2024-12-26 17:14:26.570 [info] Getting sessions for user:email...
2024-12-26 17:14:26.570 [info] Got 1 sessions for user:email...
2024-12-26 17:14:31.558 [info] Getting sessions for all scopes...
2024-12-26 17:14:31.558 [info] Got 1 sessions for ...
2024-12-26 17:14:31.584 [info] Getting sessions for read:user,repo,user:email,workflow...
2024-12-26 17:14:31.584 [info] Got 0 sessions for read:user,repo,user:email,workflow...
2024-12-26 17:14:31.585 [info] Getting sessions for user:email...
2024-12-26 17:14:31.585 [info] Got 1 sessions for user:email...
2024-12-26 17:15:09.450 [info] Getting sessions for all scopes...
2024-12-26 17:15:09.451 [info] Got 1 sessions for ...
2024-12-26 17:15:09.451 [info] Getting sessions for read:user,repo,user:email,workflow...
2024-12-26 17:15:09.451 [info] Got 0 sessions for read:user,repo,user:email,workflow...
2024-12-26 17:15:09.452 [info] Getting sessions for user:email...
2024-12-26 17:15:09.452 [info] Got 1 sessions for user:email...
2024-12-26 17:15:12.228 [info] Getting sessions for all scopes...
2024-12-26 17:15:12.228 [info] Got 1 sessions for ...
2024-12-26 17:15:12.232 [info] Getting sessions for read:user,repo,user:email,workflow...
2024-12-26 17:15:12.232 [info] Got 0 sessions for read:user,repo,user:email,workflow...
2024-12-26 17:15:12.246 [info] Getting sessions for user:email...
2024-12-26 17:15:12.246 [info] Got 1 sessions for user:email...
2024-12-26 17:15:17.333 [info] Getting sessions for all scopes...
2024-12-26 17:15:17.333 [info] Got 1 sessions for ...
2024-12-26 17:15:17.340 [info] Getting sessions for read:user,repo,user:email,workflow...
2024-12-26 17:15:17.340 [info] Got 0 sessions for read:user,repo,user:email,workflow...
2024-12-26 17:15:17.340 [info] Getting sessions for user:email...
2024-12-26 17:15:17.340 [info] Got 1 sessions for user:email...
2024-12-26 17:17:38.489 [info] Getting sessions for all scopes...
2024-12-26 17:17:38.489 [info] Got 1 sessions for ...
2024-12-26 17:17:38.490 [info] Getting sessions for read:user,repo,user:email,workflow...
2024-12-26 17:17:38.490 [info] Got 0 sessions for read:user,repo,user:email,workflow...
2024-12-26 17:17:38.491 [info] Getting sessions for user:email...
2024-12-26 17:17:38.491 [info] Got 1 sessions for user:email...
2024-12-26 17:17:41.982 [info] Getting sessions for all scopes...
2024-12-26 17:17:41.982 [info] Got 1 sessions for ...
2024-12-26 17:17:41.986 [info] Getting sessions for read:user,repo,user:email,workflow...
2024-12-26 17:17:41.986 [info] Got 0 sessions for read:user,repo,user:email,workflow...
2024-12-26 17:17:41.997 [info] Getting sessions for user:email...
2024-12-26 17:17:41.997 [info] Got 1 sessions for user:email...
2024-12-26 17:17:49.346 [info] Getting sessions for all scopes...
2024-12-26 17:17:49.346 [info] Got 1 sessions for ...
2024-12-26 17:17:49.367 [info] Getting sessions for read:user,repo,user:email,workflow...
2024-12-26 17:17:49.367 [info] Got 0 sessions for read:user,repo,user:email,workflow...
2024-12-26 17:17:49.417 [info] Getting sessions for user:email...
2024-12-26 17:17:49.417 [info] Got 1 sessions for user:email...
2024-12-26 17:18:02.204 [info] Getting sessions for all scopes...
2024-12-26 17:18:02.204 [info] Got 1 sessions for ...
2024-12-26 17:18:02.209 [info] Getting sessions for read:user,repo,user:email,workflow...
2024-12-26 17:18:02.209 [info] Got 0 sessions for read:user,repo,user:email,workflow...
2024-12-26 17:18:02.209 [info] Getting sessions for user:email...
2024-12-26 17:18:02.209 [info] Got 1 sessions for user:email...
2024-12-26 17:18:06.505 [info] Getting sessions for all scopes...
2024-12-26 17:18:06.505 [info] Got 1 sessions for ...
2024-12-26 17:18:06.518 [info] Getting sessions for read:user,repo,user:email,workflow...
2024-12-26 17:18:06.518 [info] Got 0 sessions for read:user,repo,user:email,workflow...
2024-12-26 17:18:06.522 [info] Getting sessions for user:email...
2024-12-26 17:18:06.522 [info] Got 1 sessions for user:email...
2024-12-26 17:18:26.361 [info] Getting sessions for all scopes...
2024-12-26 17:18:26.361 [info] Got 1 sessions for ...
2024-12-26 17:18:26.397 [info] Getting sessions for read:user,repo,user:email,workflow...
2024-12-26 17:18:26.397 [info] Got 0 sessions for read:user,repo,user:email,workflow...
2024-12-26 17:18:26.401 [info] Getting sessions for user:email...
2024-12-26 17:18:26.401 [info] Got 1 sessions for user:email...
2024-12-26 17:19:02.462 [info] Getting sessions for all scopes...
2024-12-26 17:19:02.462 [info] Got 1 sessions for ...
2024-12-26 17:19:02.480 [info] Getting sessions for read:user,repo,user:email,workflow...
2024-12-26 17:19:02.480 [info] Got 0 sessions for read:user,repo,user:email,workflow...
2024-12-26 17:19:02.481 [info] Getting sessions for user:email...
2024-12-26 17:19:02.481 [info] Got 1 sessions for user:email...
2024-12-26 17:19:17.074 [info] Getting sessions for all scopes...
2024-12-26 17:19:17.074 [info] Got 1 sessions for ...
2024-12-26 17:19:17.130 [info] Getting sessions for read:user,repo,user:email,workflow...
2024-12-26 17:19:17.130 [info] Got 0 sessions for read:user,repo,user:email,workflow...
2024-12-26 17:19:17.143 [info] Getting sessions for user:email...
2024-12-26 17:19:17.143 [info] Got 1 sessions for user:email...
2024-12-26 17:19:42.053 [info] Getting sessions for all scopes...
2024-12-26 17:19:42.053 [info] Got 1 sessions for ...
2024-12-26 17:19:42.057 [info] Getting sessions for read:user,repo,user:email,workflow...
2024-12-26 17:19:42.057 [info] Got 0 sessions for read:user,repo,user:email,workflow...
2024-12-26 17:19:42.206 [info] Getting sessions for user:email...
2024-12-26 17:19:42.206 [info] Got 1 sessions for user:email...
