2024-12-26 17:23:25.517 [info] [main] Log level: Info
2024-12-26 17:23:25.517 [info] [main] Validating found git in: "git"
2024-12-26 17:23:25.517 [info] [main] Using git "2.47.1" from "git"
2024-12-26 17:23:25.517 [info] [Model][doInitialScan] Initial repository scan started
2024-12-26 17:23:25.517 [info] > git rev-parse --show-toplevel [41ms]
2024-12-26 17:23:25.517 [info] > git rev-parse --git-dir --git-common-dir [2ms]
2024-12-26 17:23:25.517 [info] [Model][openRepository] Opened repository: /home/subinoy/.config
2024-12-26 17:23:25.521 [info] > git config --get commit.template [43ms]
2024-12-26 17:23:25.541 [info] > git for-each-ref --format=%(refname)%00%(upstream:short)%00%(objectname)%00%(upstream:track)%00%(upstream:remotename)%00%(upstream:remoteref) refs/heads/Hypr-Config-3.0 refs/remotes/Hypr-Config-3.0 [2ms]
2024-12-26 17:23:25.558 [warning] [Git][revParse] Unable to read file: ENOENT: no such file or directory, open '/home/subinoy/.config/.git/refs/remotes/origin/Hypr-Config-3.0'
2024-12-26 17:23:25.559 [info] > git rev-parse refs/remotes/origin/Hypr-Config-3.0 [1ms]
2024-12-26 17:23:25.588 [info] > git for-each-ref --sort -committerdate --format %(refname) %(objectname) %(*objectname) [2ms]
2024-12-26 17:23:25.604 [info] > git rev-parse --show-toplevel [1ms]
2024-12-26 17:23:25.622 [info] > git status -z -uall [50ms]
2024-12-26 17:23:25.658 [info] > git for-each-ref --format=%(refname)%00%(upstream:short)%00%(objectname)%00%(upstream:track)%00%(upstream:remotename)%00%(upstream:remoteref) refs/heads/Hypr-Config-3.0 refs/remotes/Hypr-Config-3.0 [15ms]
2024-12-26 17:23:25.669 [info] > git rev-parse --show-toplevel [51ms]
2024-12-26 17:23:25.683 [info] > git config --local branch.Hypr-Config-3.0.vscode-merge-base [14ms]
2024-12-26 17:23:25.695 [info] > git config --get commit.template [37ms]
2024-12-26 17:23:25.696 [info] > git rev-parse --show-toplevel [13ms]
2024-12-26 17:23:25.718 [info] > git for-each-ref --format=%(refname)%00%(upstream:short)%00%(objectname)%00%(upstream:track)%00%(upstream:remotename)%00%(upstream:remoteref) refs/heads/origin/Hypr-Config-3.0 refs/remotes/origin/Hypr-Config-3.0 [23ms]
2024-12-26 17:23:25.774 [info] > git merge-base refs/heads/Hypr-Config-3.0 refs/remotes/origin/Hypr-Config-3.0 [44ms]
2024-12-26 17:23:25.788 [info] > git rev-parse --show-toplevel [69ms]
2024-12-26 17:23:25.788 [info] > git for-each-ref --format=%(refname)%00%(upstream:short)%00%(objectname)%00%(upstream:track)%00%(upstream:remotename)%00%(upstream:remoteref) refs/heads/Hypr-Config-3.0 refs/remotes/Hypr-Config-3.0 [82ms]
2024-12-26 17:23:25.812 [warning] [Git][revParse] Unable to read file: ENOENT: no such file or directory, open '/home/subinoy/.config/.git/refs/remotes/origin/Hypr-Config-3.0'
2024-12-26 17:23:25.825 [info] > git rev-parse refs/remotes/origin/Hypr-Config-3.0 [13ms]
2024-12-26 17:23:25.852 [info] > git rev-parse --show-toplevel [52ms]
2024-12-26 17:23:25.852 [info] > git diff --name-status -z --diff-filter=ADMR 070c32c1f65286dd2a642380b4aedecee65a8d74...refs/remotes/origin/Hypr-Config-3.0 [65ms]
2024-12-26 17:23:25.869 [info] > git for-each-ref --sort -committerdate --format %(refname) %(objectname) %(*objectname) [17ms]
2024-12-26 17:23:25.872 [info] > git rev-parse --show-toplevel [6ms]
2024-12-26 17:23:25.890 [info] > git status -z -uall [49ms]
2024-12-26 17:23:25.890 [info] > git rev-parse --show-toplevel [7ms]
2024-12-26 17:23:25.918 [info] > git config --get commit.template [2ms]
2024-12-26 17:23:25.918 [info] > git rev-parse --show-toplevel [12ms]
2024-12-26 17:23:26.778 [info] > git check-ignore -v -z --stdin [1ms]
2024-12-26 17:23:26.779 [info] > git for-each-ref --format=%(refname)%00%(upstream:short)%00%(objectname)%00%(upstream:track)%00%(upstream:remotename)%00%(upstream:remoteref) refs/heads/Hypr-Config-3.0 refs/remotes/Hypr-Config-3.0 [840ms]
2024-12-26 17:23:26.779 [info] > git rev-parse --show-toplevel [850ms]
2024-12-26 17:23:26.797 [warning] [Git][revParse] Unable to read file: ENOENT: no such file or directory, open '/home/subinoy/.config/.git/refs/remotes/origin/Hypr-Config-3.0'
2024-12-26 17:23:26.816 [info] > git rev-parse --show-toplevel [9ms]
2024-12-26 17:23:26.816 [info] > git rev-parse refs/remotes/origin/Hypr-Config-3.0 [19ms]
2024-12-26 17:23:26.852 [info] > git rev-parse --show-toplevel [1ms]
2024-12-26 17:23:26.852 [info] > git for-each-ref --sort -committerdate --format %(refname) %(objectname) %(*objectname) [13ms]
2024-12-26 17:23:26.867 [info] > git status -z -uall [39ms]
2024-12-26 17:23:26.874 [info] > git rev-parse --show-toplevel [8ms]
2024-12-26 17:23:26.890 [info] > git rev-parse --show-toplevel [1ms]
2024-12-26 17:23:26.908 [info] > git rev-parse --show-toplevel [6ms]
2024-12-26 17:23:26.921 [info] > git rev-parse --show-toplevel [1ms]
2024-12-26 17:23:26.934 [info] > git rev-parse --show-toplevel [1ms]
2024-12-26 17:23:26.946 [info] > git rev-parse --show-toplevel [1ms]
2024-12-26 17:23:26.960 [info] > git rev-parse --show-toplevel [1ms]
2024-12-26 17:23:26.990 [info] > git rev-parse --show-toplevel [17ms]
2024-12-26 17:23:27.009 [info] > git rev-parse --show-toplevel [6ms]
2024-12-26 17:23:27.023 [info] > git rev-parse --show-toplevel [1ms]
2024-12-26 17:23:27.037 [info] > git rev-parse --show-toplevel [1ms]
2024-12-26 17:23:27.049 [info] > git rev-parse --show-toplevel [1ms]
2024-12-26 17:23:27.062 [info] > git rev-parse --show-toplevel [1ms]
2024-12-26 17:23:27.073 [info] > git rev-parse --show-toplevel [0ms]
2024-12-26 17:23:27.085 [info] > git rev-parse --show-toplevel [1ms]
2024-12-26 17:23:27.086 [info] [Model][doInitialScan] Initial repository scan completed - repositories (1), closed repositories (0), parent repositories (0), unsafe repositories (0)
