2024-12-26 17:28:42.474 [info] Reading sessions from keychain...
2024-12-26 17:28:42.474 [info] Getting sessions for all scopes...
2024-12-26 17:28:42.474 [info] Getting sessions for all scopes...
2024-12-26 17:28:42.474 [info] Getting sessions for all scopes...
2024-12-26 17:28:42.474 [info] Getting sessions for all scopes...
2024-12-26 17:28:42.474 [info] Getting sessions for all scopes...
2024-12-26 17:28:42.474 [info] Getting sessions for all scopes...
2024-12-26 17:28:42.474 [info] Getting sessions for all scopes...
2024-12-26 17:28:42.474 [info] Getting sessions for all scopes...
2024-12-26 17:28:42.510 [info] Got stored sessions!
2024-12-26 17:28:42.510 [info] Got 1 verified sessions.
2024-12-26 17:28:42.510 [info] Got 1 sessions for ...
2024-12-26 17:28:42.510 [info] Got 1 sessions for ...
2024-12-26 17:28:42.510 [info] Got 1 sessions for ...
2024-12-26 17:28:42.510 [info] Got 1 sessions for ...
2024-12-26 17:28:42.510 [info] Got 1 sessions for ...
2024-12-26 17:28:42.510 [info] Got 1 sessions for ...
2024-12-26 17:28:42.510 [info] Got 1 sessions for ...
2024-12-26 17:28:42.511 [info] Got 1 sessions for ...
2024-12-26 17:28:43.685 [info] Getting sessions for read:user,repo,user:email,workflow...
2024-12-26 17:28:43.685 [info] Got 0 sessions for read:user,repo,user:email,workflow...
2024-12-26 17:28:43.685 [info] Getting sessions for all scopes...
2024-12-26 17:28:43.685 [info] Got 1 sessions for ...
2024-12-26 17:28:43.685 [info] Getting sessions for all scopes...
2024-12-26 17:28:43.685 [info] Got 1 sessions for ...
2024-12-26 17:28:43.688 [info] Getting sessions for read:user...
2024-12-26 17:28:43.688 [info] Got 0 sessions for read:user...
2024-12-26 17:28:43.689 [info] Getting sessions for read:user,repo,user:email,workflow...
2024-12-26 17:28:43.689 [info] Got 0 sessions for read:user,repo,user:email,workflow...
2024-12-26 17:28:43.689 [info] Getting sessions for user:email...
2024-12-26 17:28:43.689 [info] Got 1 sessions for user:email...
2024-12-26 17:28:43.689 [info] Getting sessions for user:email...
2024-12-26 17:28:43.689 [info] Got 1 sessions for user:email...
2024-12-26 17:28:43.697 [info] Getting sessions for all scopes...
2024-12-26 17:28:43.697 [info] Got 1 sessions for ...
2024-12-26 17:28:44.582 [info] Getting sessions for all scopes...
2024-12-26 17:28:44.582 [info] Got 1 sessions for ...
2024-12-26 17:28:44.595 [info] Getting sessions for read:user,repo,user:email,workflow...
2024-12-26 17:28:44.595 [info] Got 0 sessions for read:user,repo,user:email,workflow...
2024-12-26 17:28:44.603 [info] Getting sessions for user:email...
2024-12-26 17:28:44.603 [info] Got 1 sessions for user:email...
2024-12-26 17:28:44.604 [info] Getting sessions for all scopes...
2024-12-26 17:28:44.604 [info] Got 1 sessions for ...
2024-12-26 17:28:44.605 [info] Getting sessions for read:user,repo,user:email,workflow...
2024-12-26 17:28:44.605 [info] Got 0 sessions for read:user,repo,user:email,workflow...
2024-12-26 17:28:44.605 [info] Getting sessions for user:email...
2024-12-26 17:28:44.605 [info] Got 1 sessions for user:email...
2024-12-26 17:28:44.867 [info] Getting sessions for all scopes...
2024-12-26 17:28:44.867 [info] Got 1 sessions for ...
2024-12-26 17:28:44.868 [info] Getting sessions for read:user,repo,user:email,workflow...
2024-12-26 17:28:44.868 [info] Got 0 sessions for read:user,repo,user:email,workflow...
2024-12-26 17:28:44.869 [info] Getting sessions for user:email...
2024-12-26 17:28:44.869 [info] Got 1 sessions for user:email...
2024-12-26 17:28:45.431 [info] Getting sessions for all scopes...
2024-12-26 17:28:45.431 [info] Got 1 sessions for ...
2024-12-26 17:28:45.431 [info] Getting sessions for all scopes...
2024-12-26 17:28:45.431 [info] Got 1 sessions for ...
2024-12-26 17:28:45.438 [info] Getting sessions for read:user,repo,user:email,workflow...
2024-12-26 17:28:45.438 [info] Got 0 sessions for read:user,repo,user:email,workflow...
2024-12-26 17:28:45.439 [info] Getting sessions for user:email...
2024-12-26 17:28:45.439 [info] Got 1 sessions for user:email...
2024-12-26 17:28:45.440 [info] Getting sessions for all scopes...
2024-12-26 17:28:45.440 [info] Got 1 sessions for ...
2024-12-26 17:28:45.441 [info] Getting sessions for read:user,repo,user:email,workflow...
2024-12-26 17:28:45.441 [info] Got 0 sessions for read:user,repo,user:email,workflow...
2024-12-26 17:28:45.441 [info] Getting sessions for user:email...
2024-12-26 17:28:45.441 [info] Got 1 sessions for user:email...
2024-12-26 17:28:45.472 [info] Getting sessions for all scopes...
2024-12-26 17:28:45.472 [info] Got 1 sessions for ...
2024-12-26 17:28:45.472 [info] Getting sessions for read:user,repo,user:email,workflow...
2024-12-26 17:28:45.472 [info] Got 0 sessions for read:user,repo,user:email,workflow...
2024-12-26 17:28:45.473 [info] Getting sessions for user:email...
2024-12-26 17:28:45.473 [info] Got 1 sessions for user:email...
2024-12-26 17:28:45.953 [info] Getting sessions for read:user,repo,user:email,workflow...
2024-12-26 17:28:45.953 [info] Got 0 sessions for read:user,repo,user:email,workflow...
2024-12-26 17:28:45.955 [info] Getting sessions for read:user...
2024-12-26 17:28:45.955 [info] Got 0 sessions for read:user...
2024-12-26 17:28:45.955 [info] Getting sessions for user:email...
2024-12-26 17:28:45.955 [info] Got 1 sessions for user:email...
2024-12-26 17:28:46.883 [info] Getting sessions for all scopes...
2024-12-26 17:28:46.884 [info] Got 1 sessions for ...
2024-12-26 17:28:46.884 [info] Getting sessions for read:user,repo,user:email,workflow...
2024-12-26 17:28:46.884 [info] Got 0 sessions for read:user,repo,user:email,workflow...
2024-12-26 17:28:46.885 [info] Getting sessions for user:email...
2024-12-26 17:28:46.885 [info] Got 1 sessions for user:email...
